{"/home/travis/build/npmtest/node-npmtest-alloy/test.js":{"path":"/home/travis/build/npmtest/node-npmtest-alloy/test.js","s":{"1":2,"2":2,"3":2,"4":2,"5":2,"6":2,"7":2,"8":1,"9":2,"10":2,"11":1,"12":1,"13":1,"14":1,"15":2,"16":2,"17":2,"18":2,"19":1,"20":1,"21":2,"22":2,"23":2,"24":1,"25":1,"26":1,"27":1,"28":1,"29":1,"30":1,"31":1,"32":1,"33":1,"34":1,"35":1,"36":1,"37":1,"38":1,"39":2,"40":2,"41":1,"42":2,"43":2,"44":1,"45":2,"46":2,"47":1,"48":2,"49":2,"50":1,"51":1,"52":1,"53":1,"54":1},"b":{"1":[2,1,1,1],"2":[1,1,1,1],"3":[1,1],"4":[1,1],"5":[1,1],"6":[1,1],"7":[1,1],"8":[1,1],"9":[1,1],"10":[1,1,1],"11":[1,1],"12":[1,1],"13":[1,1],"14":[1,1],"15":[1,1],"16":[1,1],"17":[1,1]},"f":{"1":2,"2":2,"3":2,"4":2,"5":2,"6":1,"7":1,"8":1,"9":2,"10":2,"11":2,"12":2,"13":1},"fnMap":{"1":{"name":"(anonymous_1)","line":12,"loc":{"start":{"line":12,"column":1},"end":{"line":12,"column":13}}},"2":{"name":"(anonymous_2)","line":19,"loc":{"start":{"line":19,"column":5},"end":{"line":19,"column":17}}},"3":{"name":"(anonymous_3)","line":23,"loc":{"start":{"line":23,"column":24},"end":{"line":23,"column":36}}},"4":{"name":"(anonymous_4)","line":61,"loc":{"start":{"line":61,"column":5},"end":{"line":61,"column":17}}},"5":{"name":"(anonymous_5)","line":82,"loc":{"start":{"line":82,"column":5},"end":{"line":82,"column":17}}},"6":{"name":"(anonymous_6)","line":91,"loc":{"start":{"line":91,"column":77},"end":{"line":94,"column":10}}},"7":{"name":"(anonymous_7)","line":112,"loc":{"start":{"line":112,"column":83},"end":{"line":115,"column":10}},"skip":true},"8":{"name":"(anonymous_8)","line":123,"loc":{"start":{"line":123,"column":77},"end":{"line":126,"column":10}},"skip":true},"9":{"name":"(anonymous_9)","line":139,"loc":{"start":{"line":139,"column":12},"end":{"line":139,"column":40}},"skip":true},"10":{"name":"(anonymous_10)","line":147,"loc":{"start":{"line":147,"column":77},"end":{"line":150,"column":10}},"skip":true},"11":{"name":"(anonymous_11)","line":158,"loc":{"start":{"line":158,"column":83},"end":{"line":161,"column":10}},"skip":true},"12":{"name":"(anonymous_12)","line":169,"loc":{"start":{"line":169,"column":79},"end":{"line":172,"column":10}},"skip":true},"13":{"name":"(anonymous_13)","line":180,"loc":{"start":{"line":180,"column":75},"end":{"line":183,"column":10}},"skip":true}},"statementMap":{"1":{"start":{"line":12,"column":0},"end":{"line":195,"column":5}},"2":{"start":{"line":14,"column":4},"end":{"line":14,"column":14}},"3":{"start":{"line":19,"column":4},"end":{"line":56,"column":9}},"4":{"start":{"line":21,"column":8},"end":{"line":21,"column":19}},"5":{"start":{"line":23,"column":8},"end":{"line":35,"column":13}},"6":{"start":{"line":24,"column":12},"end":{"line":34,"column":13}},"7":{"start":{"line":25,"column":16},"end":{"line":28,"column":30}},"8":{"start":{"line":30,"column":16},"end":{"line":33,"column":27}},"9":{"start":{"line":37,"column":8},"end":{"line":39,"column":21}},"10":{"start":{"line":40,"column":8},"end":{"line":53,"column":9}},"11":{"start":{"line":43,"column":12},"end":{"line":46,"column":14}},"12":{"start":{"line":47,"column":12},"end":{"line":47,"column":18}},"13":{"start":{"line":50,"column":12},"end":{"line":51,"column":46}},"14":{"start":{"line":52,"column":12},"end":{"line":52,"column":18}},"15":{"start":{"line":55,"column":8},"end":{"line":55,"column":35}},"16":{"start":{"line":61,"column":4},"end":{"line":63,"column":9}},"17":{"start":{"line":62,"column":8},"end":{"line":62,"column":15}},"18":{"start":{"line":64,"column":4},"end":{"line":77,"column":5}},"19":{"start":{"line":70,"column":8},"end":{"line":70,"column":14}},"20":{"start":{"line":76,"column":8},"end":{"line":76,"column":14}},"21":{"start":{"line":82,"column":4},"end":{"line":84,"column":9}},"22":{"start":{"line":83,"column":8},"end":{"line":83,"column":15}},"23":{"start":{"line":85,"column":4},"end":{"line":194,"column":5}},"24":{"start":{"line":91,"column":8},"end":{"line":99,"column":10}},"25":{"start":{"line":98,"column":12},"end":{"line":98,"column":35}},"26":{"start":{"line":102,"column":8},"end":{"line":104,"column":63}},"27":{"start":{"line":105,"column":8},"end":{"line":105,"column":14}},"28":{"start":{"line":112,"column":8},"end":{"line":121,"column":10},"skip":true},"29":{"start":{"line":119,"column":12},"end":{"line":119,"column":55},"skip":true},"30":{"start":{"line":120,"column":12},"end":{"line":120,"column":48},"skip":true},"31":{"start":{"line":123,"column":8},"end":{"line":136,"column":10},"skip":true},"32":{"start":{"line":130,"column":12},"end":{"line":130,"column":76},"skip":true},"33":{"start":{"line":131,"column":12},"end":{"line":131,"column":73},"skip":true},"34":{"start":{"line":132,"column":12},"end":{"line":132,"column":74},"skip":true},"35":{"start":{"line":133,"column":12},"end":{"line":133,"column":79},"skip":true},"36":{"start":{"line":134,"column":12},"end":{"line":134,"column":25},"skip":true},"37":{"start":{"line":135,"column":12},"end":{"line":135,"column":45},"skip":true},"38":{"start":{"line":138,"column":8},"end":{"line":145,"column":14},"skip":true},"39":{"start":{"line":143,"column":16},"end":{"line":143,"column":29},"skip":true},"40":{"start":{"line":144,"column":16},"end":{"line":144,"column":55},"skip":true},"41":{"start":{"line":147,"column":8},"end":{"line":156,"column":10},"skip":true},"42":{"start":{"line":154,"column":12},"end":{"line":154,"column":25},"skip":true},"43":{"start":{"line":155,"column":12},"end":{"line":155,"column":45},"skip":true},"44":{"start":{"line":158,"column":8},"end":{"line":167,"column":10},"skip":true},"45":{"start":{"line":165,"column":12},"end":{"line":165,"column":25},"skip":true},"46":{"start":{"line":166,"column":12},"end":{"line":166,"column":48},"skip":true},"47":{"start":{"line":169,"column":8},"end":{"line":178,"column":10},"skip":true},"48":{"start":{"line":176,"column":12},"end":{"line":176,"column":25},"skip":true},"49":{"start":{"line":177,"column":12},"end":{"line":177,"column":46},"skip":true},"50":{"start":{"line":180,"column":8},"end":{"line":189,"column":10},"skip":true},"51":{"start":{"line":187,"column":12},"end":{"line":187,"column":94},"skip":true},"52":{"start":{"line":188,"column":12},"end":{"line":188,"column":48},"skip":true},"53":{"start":{"line":192,"column":8},"end":{"line":192,"column":35},"skip":true},"54":{"start":{"line":193,"column":8},"end":{"line":193,"column":14},"skip":true}},"branchMap":{"1":{"line":25,"type":"binary-expr","locations":[{"start":{"line":25,"column":23},"end":{"line":25,"column":62}},{"start":{"line":26,"column":20},"end":{"line":26,"column":70}},{"start":{"line":27,"column":20},"end":{"line":27,"column":71}},{"start":{"line":28,"column":20},"end":{"line":28,"column":29}}]},"2":{"line":30,"type":"binary-expr","locations":[{"start":{"line":30,"column":23},"end":{"line":30,"column":37}},{"start":{"line":31,"column":20},"end":{"line":31,"column":61}},{"start":{"line":32,"column":20},"end":{"line":32,"column":70}},{"start":{"line":33,"column":20},"end":{"line":33,"column":26}}]},"3":{"line":37,"type":"cond-expr","locations":[{"start":{"line":38,"column":14},"end":{"line":38,"column":20}},{"start":{"line":39,"column":14},"end":{"line":39,"column":20}}]},"4":{"line":40,"type":"switch","locations":[{"start":{"line":42,"column":8},"end":{"line":47,"column":18}},{"start":{"line":49,"column":8},"end":{"line":52,"column":18}}]},"5":{"line":44,"type":"binary-expr","locations":[{"start":{"line":44,"column":16},"end":{"line":44,"column":44}},{"start":{"line":44,"column":48},"end":{"line":44,"column":66}}]},"6":{"line":50,"type":"binary-expr","locations":[{"start":{"line":50,"column":21},"end":{"line":50,"column":49}},{"start":{"line":50,"column":53},"end":{"line":50,"column":72}}]},"7":{"line":64,"type":"switch","locations":[{"start":{"line":69,"column":4},"end":{"line":70,"column":14}},{"start":{"line":75,"column":4},"end":{"line":76,"column":14}}]},"8":{"line":85,"type":"switch","locations":[{"start":{"line":90,"column":4},"end":{"line":105,"column":14}},{"start":{"line":111,"column":4},"end":{"line":193,"column":14},"skip":true}]},"9":{"line":91,"type":"binary-expr","locations":[{"start":{"line":91,"column":42},"end":{"line":91,"column":73}},{"start":{"line":91,"column":77},"end":{"line":99,"column":9}}]},"10":{"line":102,"type":"binary-expr","locations":[{"start":{"line":102,"column":18},"end":{"line":102,"column":32}},{"start":{"line":103,"column":12},"end":{"line":103,"column":53}},{"start":{"line":104,"column":12},"end":{"line":104,"column":61}}]},"11":{"line":112,"type":"binary-expr","locations":[{"start":{"line":112,"column":45},"end":{"line":112,"column":79},"skip":true},{"start":{"line":112,"column":83},"end":{"line":121,"column":9},"skip":true}]},"12":{"line":123,"type":"binary-expr","locations":[{"start":{"line":123,"column":42},"end":{"line":123,"column":73},"skip":true},{"start":{"line":123,"column":77},"end":{"line":136,"column":9},"skip":true}]},"13":{"line":138,"type":"binary-expr","locations":[{"start":{"line":138,"column":48},"end":{"line":138,"column":85},"skip":true},{"start":{"line":139,"column":12},"end":{"line":145,"column":13},"skip":true}]},"14":{"line":147,"type":"binary-expr","locations":[{"start":{"line":147,"column":42},"end":{"line":147,"column":73},"skip":true},{"start":{"line":147,"column":77},"end":{"line":156,"column":9},"skip":true}]},"15":{"line":158,"type":"binary-expr","locations":[{"start":{"line":158,"column":45},"end":{"line":158,"column":79},"skip":true},{"start":{"line":158,"column":83},"end":{"line":167,"column":9},"skip":true}]},"16":{"line":169,"type":"binary-expr","locations":[{"start":{"line":169,"column":43},"end":{"line":169,"column":75},"skip":true},{"start":{"line":169,"column":79},"end":{"line":178,"column":9},"skip":true}]},"17":{"line":180,"type":"binary-expr","locations":[{"start":{"line":180,"column":41},"end":{"line":180,"column":71},"skip":true},{"start":{"line":180,"column":75},"end":{"line":189,"column":9},"skip":true}]}},"code":["/* istanbul instrument in package npmtest_alloy */","/*jslint","    bitwise: true,","    browser: true,","    maxerr: 8,","    maxlen: 96,","    node: true,","    nomen: true,","    regexp: true,","    stupid: true","*/","(function () {","    'use strict';","    var local;","","","","    // run shared js-env code - pre-init","    (function () {","        // init local","        local = {};","        // init modeJs","        local.modeJs = (function () {","            try {","                return typeof navigator.userAgent === 'string' &&","                    typeof document.querySelector('body') === 'object' &&","                    typeof XMLHttpRequest.prototype.open === 'function' &&","                    'browser';","            } catch (errorCaughtBrowser) {","                return module.exports &&","                    typeof process.versions.node === 'string' &&","                    typeof require('http').createServer === 'function' &&","                    'node';","            }","        }());","        // init global","        local.global = local.modeJs === 'browser'","            ? window","            : global;","        switch (local.modeJs) {","        // re-init local from window.local","        case 'browser':","            local = local.global.utility2.objectSetDefault(","                local.global.utility2_rollup || local.global.local,","                local.global.utility2","            );","            break;","        // re-init local from example.js","        case 'node':","            local = (local.global.utility2_rollup || require('utility2'))","                .requireExampleJsFromReadme();","            break;","        }","        // export local","        local.global.local = local;","    }());","","","","    // run shared js-env code - function","    (function () {","        return;","    }());","    switch (local.modeJs) {","","","","    // run browser js-env code - function","    case 'browser':","        break;","","","","    // run node js-env code - function","    case 'node':","        break;","    }","","","","    // run shared js-env code - post-init","    (function () {","        return;","    }());","    switch (local.modeJs) {","","","","    // run browser js-env code - post-init","    case 'browser':","        local.testCase_browser_nullCase = local.testCase_browser_nullCase || function (","            options,","            onError","        ) {","        /*","         * this function will test browsers's null-case handling-behavior-behavior","         */","            onError(null, options);","        };","","        // run tests","        local.nop(local.modeTest &&","            document.querySelector('#testRunButton1') &&","            document.querySelector('#testRunButton1').click());","        break;","","","","    // run node js-env code - post-init","    /* istanbul ignore next */","    case 'node':","        local.testCase_buildApidoc_default = local.testCase_buildApidoc_default || function (","            options,","            onError","        ) {","        /*","         * this function will test buildApidoc's default handling-behavior-behavior","         */","            options = { modulePathList: module.paths };","            local.buildApidoc(options, onError);","        };","","        local.testCase_buildApp_default = local.testCase_buildApp_default || function (","            options,","            onError","        ) {","        /*","         * this function will test buildApp's default handling-behavior-behavior","         */","            local.testCase_buildReadme_default(options, local.onErrorThrow);","            local.testCase_buildLib_default(options, local.onErrorThrow);","            local.testCase_buildTest_default(options, local.onErrorThrow);","            local.testCase_buildCustomOrg_default(options, local.onErrorThrow);","            options = [];","            local.buildApp(options, onError);","        };","","        local.testCase_buildCustomOrg_default = local.testCase_buildCustomOrg_default ||","            function (options, onError) {","            /*","             * this function will test buildCustomOrg's default handling-behavior","             */","                options = {};","                local.buildCustomOrg(options, onError);","            };","","        local.testCase_buildLib_default = local.testCase_buildLib_default || function (","            options,","            onError","        ) {","        /*","         * this function will test buildLib's default handling-behavior","         */","            options = {};","            local.buildLib(options, onError);","        };","","        local.testCase_buildReadme_default = local.testCase_buildReadme_default || function (","            options,","            onError","        ) {","        /*","         * this function will test buildReadme's default handling-behavior-behavior","         */","            options = {};","            local.buildReadme(options, onError);","        };","","        local.testCase_buildTest_default = local.testCase_buildTest_default || function (","            options,","            onError","        ) {","        /*","         * this function will test buildTest's default handling-behavior","         */","            options = {};","            local.buildTest(options, onError);","        };","","        local.testCase_webpage_default = local.testCase_webpage_default || function (","            options,","            onError","        ) {","        /*","         * this function will test webpage's default handling-behavior","         */","            options = { modeCoverageMerge: true, url: local.serverLocalHost + '?modeTest=1' };","            local.browserTest(options, onError);","        };","","        // run test-server","        local.testRunServer(local);","        break;","    }","}());",""],"l":{"12":2,"14":2,"19":2,"21":2,"23":2,"24":2,"25":2,"30":1,"37":2,"40":2,"43":1,"47":1,"50":1,"52":1,"55":2,"61":2,"62":2,"64":2,"70":1,"76":1,"82":2,"83":2,"85":2,"91":1,"98":1,"102":1,"105":1,"112":1,"119":1,"120":1,"123":1,"130":1,"131":1,"132":1,"133":1,"134":1,"135":1,"138":1,"143":2,"144":2,"147":1,"154":2,"155":2,"158":1,"165":2,"166":2,"169":1,"176":2,"177":2,"180":1,"187":1,"188":1,"192":1,"193":1}},"/home/travis/build/npmtest/node-npmtest-alloy/lib.npmtest_alloy.js":{"path":"/home/travis/build/npmtest/node-npmtest-alloy/lib.npmtest_alloy.js","s":{"1":2,"2":2,"3":2,"4":2,"5":2,"6":2,"7":2,"8":1,"9":2,"10":2,"11":2,"12":2,"13":1,"14":1,"15":1,"16":1},"b":{"1":[2,1,1,1],"2":[1,1,1,1],"3":[1,1],"4":[2,2],"5":[1,1]},"f":{"1":2,"2":2,"3":2},"fnMap":{"1":{"name":"(anonymous_1)","line":12,"loc":{"start":{"line":12,"column":1},"end":{"line":12,"column":13}}},"2":{"name":"(anonymous_2)","line":19,"loc":{"start":{"line":19,"column":5},"end":{"line":19,"column":17}}},"3":{"name":"(anonymous_3)","line":23,"loc":{"start":{"line":23,"column":24},"end":{"line":23,"column":36}}}},"statementMap":{"1":{"start":{"line":12,"column":0},"end":{"line":53,"column":5}},"2":{"start":{"line":14,"column":4},"end":{"line":14,"column":14}},"3":{"start":{"line":19,"column":4},"end":{"line":52,"column":9}},"4":{"start":{"line":21,"column":8},"end":{"line":21,"column":19}},"5":{"start":{"line":23,"column":8},"end":{"line":35,"column":13}},"6":{"start":{"line":24,"column":12},"end":{"line":34,"column":13}},"7":{"start":{"line":25,"column":16},"end":{"line":28,"column":30}},"8":{"start":{"line":30,"column":16},"end":{"line":33,"column":27}},"9":{"start":{"line":37,"column":8},"end":{"line":39,"column":21}},"10":{"start":{"line":41,"column":8},"end":{"line":41,"column":54}},"11":{"start":{"line":43,"column":8},"end":{"line":43,"column":50}},"12":{"start":{"line":45,"column":8},"end":{"line":51,"column":9}},"13":{"start":{"line":46,"column":12},"end":{"line":46,"column":56}},"14":{"start":{"line":48,"column":12},"end":{"line":48,"column":35}},"15":{"start":{"line":49,"column":12},"end":{"line":49,"column":49}},"16":{"start":{"line":50,"column":12},"end":{"line":50,"column":43}}},"branchMap":{"1":{"line":25,"type":"binary-expr","locations":[{"start":{"line":25,"column":23},"end":{"line":25,"column":62}},{"start":{"line":26,"column":20},"end":{"line":26,"column":70}},{"start":{"line":27,"column":20},"end":{"line":27,"column":71}},{"start":{"line":28,"column":20},"end":{"line":28,"column":29}}]},"2":{"line":30,"type":"binary-expr","locations":[{"start":{"line":30,"column":23},"end":{"line":30,"column":37}},{"start":{"line":31,"column":20},"end":{"line":31,"column":61}},{"start":{"line":32,"column":20},"end":{"line":32,"column":70}},{"start":{"line":33,"column":20},"end":{"line":33,"column":26}}]},"3":{"line":37,"type":"cond-expr","locations":[{"start":{"line":38,"column":14},"end":{"line":38,"column":20}},{"start":{"line":39,"column":14},"end":{"line":39,"column":20}}]},"4":{"line":41,"type":"binary-expr","locations":[{"start":{"line":41,"column":16},"end":{"line":41,"column":44}},{"start":{"line":41,"column":48},"end":{"line":41,"column":53}}]},"5":{"line":45,"type":"if","locations":[{"start":{"line":45,"column":8},"end":{"line":45,"column":8}},{"start":{"line":45,"column":8},"end":{"line":45,"column":8}}]}},"code":["/* istanbul instrument in package npmtest_alloy */","/*jslint","    bitwise: true,","    browser: true,","    maxerr: 8,","    maxlen: 96,","    node: true,","    nomen: true,","    regexp: true,","    stupid: true","*/","(function () {","    'use strict';","    var local;","","","","    // run shared js-env code - pre-init","    (function () {","        // init local","        local = {};","        // init modeJs","        local.modeJs = (function () {","            try {","                return typeof navigator.userAgent === 'string' &&","                    typeof document.querySelector('body') === 'object' &&","                    typeof XMLHttpRequest.prototype.open === 'function' &&","                    'browser';","            } catch (errorCaughtBrowser) {","                return module.exports &&","                    typeof process.versions.node === 'string' &&","                    typeof require('http').createServer === 'function' &&","                    'node';","            }","        }());","        // init global","        local.global = local.modeJs === 'browser'","            ? window","            : global;","        // init utility2_rollup","        local = local.global.utility2_rollup || local;","        // init lib","        local.local = local.npmtest_alloy = local;","        // init exports","        if (local.modeJs === 'browser') {","            local.global.utility2_npmtest_alloy = local;","        } else {","            module.exports = local;","            module.exports.__dirname = __dirname;","            module.exports.module = module;","        }","    }());","}());",""],"l":{"12":2,"14":2,"19":2,"21":2,"23":2,"24":2,"25":2,"30":1,"37":2,"41":2,"43":2,"45":2,"46":1,"48":1,"49":1,"50":1}},"/home/travis/build/npmtest/node-npmtest-alloy/example.js":{"path":"/home/travis/build/npmtest/node-npmtest-alloy/example.js","s":{"1":2,"2":2,"3":2,"4":2,"5":2,"6":2,"7":2,"8":1,"9":2,"10":2,"11":2,"12":2,"13":1,"14":2,"15":2,"16":2,"17":2,"18":2,"19":0,"20":2,"21":1,"22":1,"23":1,"24":1,"25":1,"26":0,"27":0,"28":1,"29":1,"30":2,"31":0,"32":0,"33":0,"34":1,"35":2,"36":2,"37":3,"38":3,"39":3,"40":3,"41":0,"42":3,"43":3,"44":3,"45":1,"46":3,"47":1,"48":1,"49":1,"50":1,"51":1,"52":1,"53":1,"54":1,"55":1,"56":1,"57":0,"58":1,"59":6,"60":6,"61":1,"62":2,"63":0,"64":2,"65":1,"66":1,"67":0,"68":0,"69":0,"70":0,"71":0,"72":0,"73":0,"74":0,"75":0,"76":0,"77":0,"78":0,"79":0,"80":0,"81":0,"82":0,"83":0},"b":{"1":[2,1,1,1],"2":[1,1,1,1],"3":[1,1],"4":[2,2],"5":[1,1],"6":[1,1],"7":[2,0],"8":[2,1,1,1,1,1],"9":[0,2,0],"10":[1,1],"11":[2,1,1],"12":[1,0],"13":[0,2],"14":[2,0,0,0,0,0,0],"15":[0,3],"16":[3,0],"17":[1,1],"18":[0,1],"19":[1,2,0,2],"20":[1,0],"21":[1,1],"22":[0,0],"23":[0,0],"24":[0,0],"25":[0,0],"26":[0,0],"27":[0,0],"28":[0,0]},"f":{"1":2,"2":2,"3":2,"4":2,"5":2,"6":2,"7":3,"8":3,"9":3,"10":1,"11":6,"12":0},"fnMap":{"1":{"name":"(anonymous_1)","line":26,"loc":{"start":{"line":26,"column":1},"end":{"line":26,"column":13}}},"2":{"name":"(anonymous_2)","line":33,"loc":{"start":{"line":33,"column":5},"end":{"line":33,"column":17}}},"3":{"name":"(anonymous_3)","line":37,"loc":{"start":{"line":37,"column":24},"end":{"line":37,"column":36}}},"4":{"name":"(anonymous_4)","line":69,"loc":{"start":{"line":69,"column":31},"end":{"line":69,"column":48}},"skip":true},"5":{"name":"(anonymous_5)","line":78,"loc":{"start":{"line":78,"column":26},"end":{"line":78,"column":45}},"skip":true},"6":{"name":"(anonymous_6)","line":123,"loc":{"start":{"line":123,"column":33},"end":{"line":123,"column":48}},"skip":true},"7":{"name":"(anonymous_7)","line":125,"loc":{"start":{"line":125,"column":27},"end":{"line":125,"column":39}},"skip":true},"8":{"name":"(anonymous_8)","line":133,"loc":{"start":{"line":133,"column":59},"end":{"line":133,"column":74}},"skip":true},"9":{"name":"(anonymous_9)","line":143,"loc":{"start":{"line":143,"column":45},"end":{"line":143,"column":62}},"skip":true},"10":{"name":"(anonymous_10)","line":144,"loc":{"start":{"line":144,"column":73},"end":{"line":144,"column":92}},"skip":true},"11":{"name":"(anonymous_11)","line":272,"loc":{"start":{"line":272,"column":51},"end":{"line":272,"column":77}},"skip":true},"12":{"name":"(anonymous_12)","line":315,"loc":{"start":{"line":315,"column":32},"end":{"line":315,"column":61}},"skip":true}},"statementMap":{"1":{"start":{"line":26,"column":0},"end":{"line":326,"column":5}},"2":{"start":{"line":28,"column":4},"end":{"line":28,"column":14}},"3":{"start":{"line":33,"column":4},"end":{"line":60,"column":9}},"4":{"start":{"line":35,"column":8},"end":{"line":35,"column":19}},"5":{"start":{"line":37,"column":8},"end":{"line":49,"column":13}},"6":{"start":{"line":38,"column":12},"end":{"line":48,"column":13}},"7":{"start":{"line":39,"column":16},"end":{"line":42,"column":30}},"8":{"start":{"line":44,"column":16},"end":{"line":47,"column":27}},"9":{"start":{"line":51,"column":8},"end":{"line":53,"column":21}},"10":{"start":{"line":55,"column":8},"end":{"line":57,"column":45}},"11":{"start":{"line":59,"column":8},"end":{"line":59,"column":35}},"12":{"start":{"line":61,"column":4},"end":{"line":325,"column":5}},"13":{"start":{"line":69,"column":8},"end":{"line":121,"column":10},"skip":true},"14":{"start":{"line":70,"column":12},"end":{"line":88,"column":13},"skip":true},"15":{"start":{"line":76,"column":16},"end":{"line":87,"column":19},"skip":true},"16":{"start":{"line":79,"column":20},"end":{"line":86,"column":21},"skip":true},"17":{"start":{"line":82,"column":24},"end":{"line":82,"column":43},"skip":true},"18":{"start":{"line":83,"column":24},"end":{"line":83,"column":30},"skip":true},"19":{"start":{"line":85,"column":24},"end":{"line":85,"column":49},"skip":true},"20":{"start":{"line":89,"column":12},"end":{"line":107,"column":13},"skip":true},"21":{"start":{"line":92,"column":16},"end":{"line":102,"column":17},"skip":true},"22":{"start":{"line":93,"column":20},"end":{"line":93,"column":86},"skip":true},"23":{"start":{"line":94,"column":20},"end":{"line":95,"column":45},"skip":true},"24":{"start":{"line":96,"column":20},"end":{"line":96,"column":42},"skip":true},"25":{"start":{"line":97,"column":20},"end":{"line":97,"column":48},"skip":true},"26":{"start":{"line":100,"column":20},"end":{"line":100,"column":85},"skip":true},"27":{"start":{"line":101,"column":20},"end":{"line":101,"column":96},"skip":true},"28":{"start":{"line":103,"column":16},"end":{"line":103,"column":22},"skip":true},"29":{"start":{"line":106,"column":16},"end":{"line":106,"column":22},"skip":true},"30":{"start":{"line":108,"column":12},"end":{"line":120,"column":13},"skip":true},"31":{"start":{"line":114,"column":16},"end":{"line":119,"column":17},"skip":true},"32":{"start":{"line":116,"column":20},"end":{"line":116,"column":78},"skip":true},"33":{"start":{"line":118,"column":20},"end":{"line":118,"column":47},"skip":true},"34":{"start":{"line":123,"column":8},"end":{"line":141,"column":11},"skip":true},"35":{"start":{"line":124,"column":12},"end":{"line":124,"column":54},"skip":true},"36":{"start":{"line":125,"column":12},"end":{"line":140,"column":14},"skip":true},"37":{"start":{"line":126,"column":16},"end":{"line":126,"column":28},"skip":true},"38":{"start":{"line":127,"column":16},"end":{"line":127,"column":69},"skip":true},"39":{"start":{"line":128,"column":16},"end":{"line":128,"column":75},"skip":true},"40":{"start":{"line":129,"column":16},"end":{"line":131,"column":17},"skip":true},"41":{"start":{"line":130,"column":20},"end":{"line":130,"column":27},"skip":true},"42":{"start":{"line":133,"column":16},"end":{"line":137,"column":36},"skip":true},"43":{"start":{"line":134,"column":20},"end":{"line":136,"column":55},"skip":true},"44":{"start":{"line":139,"column":16},"end":{"line":139,"column":57},"skip":true},"45":{"start":{"line":143,"column":8},"end":{"line":147,"column":11},"skip":true},"46":{"start":{"line":144,"column":12},"end":{"line":146,"column":15},"skip":true},"47":{"start":{"line":145,"column":16},"end":{"line":145,"column":70},"skip":true},"48":{"start":{"line":149,"column":8},"end":{"line":149,"column":31},"skip":true},"49":{"start":{"line":150,"column":8},"end":{"line":150,"column":14},"skip":true},"50":{"start":{"line":158,"column":8},"end":{"line":158,"column":31},"skip":true},"51":{"start":{"line":160,"column":8},"end":{"line":160,"column":33},"skip":true},"52":{"start":{"line":161,"column":8},"end":{"line":161,"column":37},"skip":true},"53":{"start":{"line":162,"column":8},"end":{"line":162,"column":35},"skip":true},"54":{"start":{"line":164,"column":8},"end":{"line":164,"column":50},"skip":true},"55":{"start":{"line":166,"column":8},"end":{"line":256,"column":2},"skip":true},"56":{"start":{"line":258,"column":8},"end":{"line":286,"column":9},"skip":true},"57":{"start":{"line":259,"column":12},"end":{"line":269,"column":14},"skip":true},"58":{"start":{"line":271,"column":12},"end":{"line":285,"column":19},"skip":true},"59":{"start":{"line":274,"column":20},"end":{"line":274,"column":35},"skip":true},"60":{"start":{"line":275,"column":20},"end":{"line":284,"column":21},"skip":true},"61":{"start":{"line":277,"column":24},"end":{"line":277,"column":64},"skip":true},"62":{"start":{"line":279,"column":24},"end":{"line":279,"column":40},"skip":true},"63":{"start":{"line":281,"column":24},"end":{"line":281,"column":40},"skip":true},"64":{"start":{"line":283,"column":24},"end":{"line":283,"column":39},"skip":true},"65":{"start":{"line":288,"column":8},"end":{"line":290,"column":9},"skip":true},"66":{"start":{"line":289,"column":12},"end":{"line":289,"column":18},"skip":true},"67":{"start":{"line":291,"column":8},"end":{"line":293,"column":54},"skip":true},"68":{"start":{"line":296,"column":8},"end":{"line":301,"column":37},"skip":true},"69":{"start":{"line":303,"column":8},"end":{"line":303,"column":82},"skip":true},"70":{"start":{"line":306,"column":8},"end":{"line":308,"column":9},"skip":true},"71":{"start":{"line":307,"column":12},"end":{"line":307,"column":82},"skip":true},"72":{"start":{"line":310,"column":8},"end":{"line":312,"column":9},"skip":true},"73":{"start":{"line":311,"column":12},"end":{"line":311,"column":18},"skip":true},"74":{"start":{"line":313,"column":8},"end":{"line":313,"column":54},"skip":true},"75":{"start":{"line":314,"column":8},"end":{"line":314,"column":69},"skip":true},"76":{"start":{"line":315,"column":8},"end":{"line":323,"column":36},"skip":true},"77":{"start":{"line":316,"column":12},"end":{"line":316,"column":61},"skip":true},"78":{"start":{"line":317,"column":12},"end":{"line":320,"column":13},"skip":true},"79":{"start":{"line":318,"column":16},"end":{"line":318,"column":75},"skip":true},"80":{"start":{"line":319,"column":16},"end":{"line":319,"column":23},"skip":true},"81":{"start":{"line":321,"column":12},"end":{"line":321,"column":38},"skip":true},"82":{"start":{"line":322,"column":12},"end":{"line":322,"column":27},"skip":true},"83":{"start":{"line":324,"column":8},"end":{"line":324,"column":14},"skip":true}},"branchMap":{"1":{"line":39,"type":"binary-expr","locations":[{"start":{"line":39,"column":23},"end":{"line":39,"column":62}},{"start":{"line":40,"column":20},"end":{"line":40,"column":70}},{"start":{"line":41,"column":20},"end":{"line":41,"column":71}},{"start":{"line":42,"column":20},"end":{"line":42,"column":29}}]},"2":{"line":44,"type":"binary-expr","locations":[{"start":{"line":44,"column":23},"end":{"line":44,"column":37}},{"start":{"line":45,"column":20},"end":{"line":45,"column":61}},{"start":{"line":46,"column":20},"end":{"line":46,"column":70}},{"start":{"line":47,"column":20},"end":{"line":47,"column":26}}]},"3":{"line":51,"type":"cond-expr","locations":[{"start":{"line":52,"column":14},"end":{"line":52,"column":20}},{"start":{"line":53,"column":14},"end":{"line":53,"column":20}}]},"4":{"line":55,"type":"binary-expr","locations":[{"start":{"line":55,"column":16},"end":{"line":55,"column":44}},{"start":{"line":55,"column":49},"end":{"line":57,"column":43}}]},"5":{"line":55,"type":"cond-expr","locations":[{"start":{"line":56,"column":14},"end":{"line":56,"column":49}},{"start":{"line":57,"column":14},"end":{"line":57,"column":43}}]},"6":{"line":61,"type":"switch","locations":[{"start":{"line":68,"column":4},"end":{"line":150,"column":14},"skip":true},{"start":{"line":156,"column":4},"end":{"line":324,"column":14},"skip":true}]},"7":{"line":70,"type":"if","locations":[{"start":{"line":70,"column":12},"end":{"line":70,"column":12},"skip":true},{"start":{"line":70,"column":12},"end":{"line":70,"column":12},"skip":true}]},"8":{"line":70,"type":"binary-expr","locations":[{"start":{"line":70,"column":16},"end":{"line":70,"column":22},"skip":true},{"start":{"line":70,"column":27},"end":{"line":70,"column":32},"skip":true},{"start":{"line":71,"column":20},"end":{"line":71,"column":39},"skip":true},{"start":{"line":72,"column":20},"end":{"line":72,"column":49},"skip":true},{"start":{"line":73,"column":20},"end":{"line":73,"column":58},"skip":true},{"start":{"line":74,"column":20},"end":{"line":74,"column":69},"skip":true}]},"9":{"line":79,"type":"switch","locations":[{"start":{"line":80,"column":20},"end":{"line":80,"column":33},"skip":true},{"start":{"line":81,"column":20},"end":{"line":83,"column":30},"skip":true},{"start":{"line":84,"column":20},"end":{"line":85,"column":49},"skip":true}]},"10":{"line":89,"type":"switch","locations":[{"start":{"line":90,"column":12},"end":{"line":103,"column":22},"skip":true},{"start":{"line":105,"column":12},"end":{"line":106,"column":22},"skip":true}]},"11":{"line":89,"type":"binary-expr","locations":[{"start":{"line":89,"column":20},"end":{"line":89,"column":25},"skip":true},{"start":{"line":89,"column":29},"end":{"line":89,"column":48},"skip":true},{"start":{"line":89,"column":52},"end":{"line":89,"column":74},"skip":true}]},"12":{"line":92,"type":"if","locations":[{"start":{"line":92,"column":16},"end":{"line":92,"column":16},"skip":true},{"start":{"line":92,"column":16},"end":{"line":92,"column":16},"skip":true}]},"13":{"line":108,"type":"if","locations":[{"start":{"line":108,"column":12},"end":{"line":108,"column":12},"skip":true},{"start":{"line":108,"column":12},"end":{"line":108,"column":12},"skip":true}]},"14":{"line":108,"type":"binary-expr","locations":[{"start":{"line":108,"column":16},"end":{"line":108,"column":61},"skip":true},{"start":{"line":108,"column":66},"end":{"line":108,"column":72},"skip":true},{"start":{"line":108,"column":77},"end":{"line":108,"column":82},"skip":true},{"start":{"line":109,"column":20},"end":{"line":109,"column":39},"skip":true},{"start":{"line":110,"column":20},"end":{"line":110,"column":49},"skip":true},{"start":{"line":111,"column":20},"end":{"line":111,"column":58},"skip":true},{"start":{"line":112,"column":20},"end":{"line":112,"column":68},"skip":true}]},"15":{"line":129,"type":"if","locations":[{"start":{"line":129,"column":16},"end":{"line":129,"column":16},"skip":true},{"start":{"line":129,"column":16},"end":{"line":129,"column":16},"skip":true}]},"16":{"line":134,"type":"cond-expr","locations":[{"start":{"line":135,"column":26},"end":{"line":135,"column":29},"skip":true},{"start":{"line":136,"column":26},"end":{"line":136,"column":54},"skip":true}]},"17":{"line":164,"type":"binary-expr","locations":[{"start":{"line":164,"column":27},"end":{"line":164,"column":43},"skip":true},{"start":{"line":164,"column":47},"end":{"line":164,"column":49},"skip":true}]},"18":{"line":258,"type":"if","locations":[{"start":{"line":258,"column":8},"end":{"line":258,"column":8},"skip":true},{"start":{"line":258,"column":8},"end":{"line":258,"column":8},"skip":true}]},"19":{"line":275,"type":"switch","locations":[{"start":{"line":276,"column":20},"end":{"line":277,"column":64},"skip":true},{"start":{"line":278,"column":20},"end":{"line":279,"column":40},"skip":true},{"start":{"line":280,"column":20},"end":{"line":281,"column":40},"skip":true},{"start":{"line":282,"column":20},"end":{"line":283,"column":39},"skip":true}]},"20":{"line":288,"type":"if","locations":[{"start":{"line":288,"column":8},"end":{"line":288,"column":8},"skip":true},{"start":{"line":288,"column":8},"end":{"line":288,"column":8},"skip":true}]},"21":{"line":288,"type":"binary-expr","locations":[{"start":{"line":288,"column":12},"end":{"line":288,"column":40},"skip":true},{"start":{"line":288,"column":44},"end":{"line":288,"column":67},"skip":true}]},"22":{"line":292,"type":"binary-expr","locations":[{"start":{"line":292,"column":12},"end":{"line":292,"column":50},"skip":true},{"start":{"line":293,"column":12},"end":{"line":293,"column":53},"skip":true}]},"23":{"line":297,"type":"binary-expr","locations":[{"start":{"line":297,"column":12},"end":{"line":297,"column":63},"skip":true},{"start":{"line":298,"column":12},"end":{"line":301,"column":36},"skip":true}]},"24":{"line":303,"type":"binary-expr","locations":[{"start":{"line":303,"column":43},"end":{"line":303,"column":75},"skip":true},{"start":{"line":303,"column":79},"end":{"line":303,"column":81},"skip":true}]},"25":{"line":306,"type":"if","locations":[{"start":{"line":306,"column":8},"end":{"line":306,"column":8},"skip":true},{"start":{"line":306,"column":8},"end":{"line":306,"column":8},"skip":true}]},"26":{"line":310,"type":"if","locations":[{"start":{"line":310,"column":8},"end":{"line":310,"column":8},"skip":true},{"start":{"line":310,"column":8},"end":{"line":310,"column":8},"skip":true}]},"27":{"line":313,"type":"binary-expr","locations":[{"start":{"line":313,"column":27},"end":{"line":313,"column":43},"skip":true},{"start":{"line":313,"column":47},"end":{"line":313,"column":53},"skip":true}]},"28":{"line":317,"type":"if","locations":[{"start":{"line":317,"column":12},"end":{"line":317,"column":12},"skip":true},{"start":{"line":317,"column":12},"end":{"line":317,"column":12},"skip":true}]}},"code":["/*","example.js","","quickstart example","","instruction","    1. save this script as example.js","    2. run the shell command:","        $ npm install npmtest-alloy && PORT=8081 node example.js","    3. play with the browser-demo on http://127.0.0.1:8081","*/","","","","/* istanbul instrument in package npmtest_alloy */","/*jslint","    bitwise: true,","    browser: true,","    maxerr: 8,","    maxlen: 96,","    node: true,","    nomen: true,","    regexp: true,","    stupid: true","*/","(function () {","    'use strict';","    var local;","","","","    // run shared js-env code - pre-init","    (function () {","        // init local","        local = {};","        // init modeJs","        local.modeJs = (function () {","            try {","                return typeof navigator.userAgent === 'string' &&","                    typeof document.querySelector('body') === 'object' &&","                    typeof XMLHttpRequest.prototype.open === 'function' &&","                    'browser';","            } catch (errorCaughtBrowser) {","                return module.exports &&","                    typeof process.versions.node === 'string' &&","                    typeof require('http').createServer === 'function' &&","                    'node';","            }","        }());","        // init global","        local.global = local.modeJs === 'browser'","            ? window","            : global;","        // init utility2_rollup","        local = local.global.utility2_rollup || (local.modeJs === 'browser'","            ? local.global.utility2_npmtest_alloy","            : global.utility2_moduleExports);","        // export local","        local.global.local = local;","    }());","    switch (local.modeJs) {","","","","    // post-init","    // run browser js-env code - post-init","    /* istanbul ignore next */","    case 'browser':","        local.testRunBrowser = function (event) {","            if (!event || (event &&","                    event.currentTarget &&","                    event.currentTarget.className &&","                    event.currentTarget.className.includes &&","                    event.currentTarget.className.includes('onreset'))) {","                // reset output","                Array.from(","                    document.querySelectorAll('body > .resettable')","                ).forEach(function (element) {","                    switch (element.tagName) {","                    case 'INPUT':","                    case 'TEXTAREA':","                        element.value = '';","                        break;","                    default:","                        element.textContent = '';","                    }","                });","            }","            switch (event && event.currentTarget && event.currentTarget.id) {","            case 'testRunButton1':","                // show tests","                if (document.querySelector('#testReportDiv1').style.display === 'none') {","                    document.querySelector('#testReportDiv1').style.display = 'block';","                    document.querySelector('#testRunButton1').textContent =","                        'hide internal test';","                    local.modeTest = true;","                    local.testRunDefault(local);","                // hide tests","                } else {","                    document.querySelector('#testReportDiv1').style.display = 'none';","                    document.querySelector('#testRunButton1').textContent = 'run internal test';","                }","                break;","            // custom-case","            default:","                break;","            }","            if (document.querySelector('#inputTextareaEval1') && (!event || (event &&","                    event.currentTarget &&","                    event.currentTarget.className &&","                    event.currentTarget.className.includes &&","                    event.currentTarget.className.includes('oneval')))) {","                // try to eval input-code","                try {","                    /*jslint evil: true*/","                    eval(document.querySelector('#inputTextareaEval1').value);","                } catch (errorCaught) {","                    console.error(errorCaught);","                }","            }","        };","        // log stderr and stdout to #outputTextareaStdout1","        ['error', 'log'].forEach(function (key) {","            console[key + '_original'] = console[key];","            console[key] = function () {","                var element;","                console[key + '_original'].apply(console, arguments);","                element = document.querySelector('#outputTextareaStdout1');","                if (!element) {","                    return;","                }","                // append text to #outputTextareaStdout1","                element.value += Array.from(arguments).map(function (arg) {","                    return typeof arg === 'string'","                        ? arg","                        : JSON.stringify(arg, null, 4);","                }).join(' ') + '\\n';","                // scroll textarea to bottom","                element.scrollTop = element.scrollHeight;","            };","        });","        // init event-handling","        ['change', 'click', 'keyup'].forEach(function (event) {","            Array.from(document.querySelectorAll('.on' + event)).forEach(function (element) {","                element.addEventListener(event, local.testRunBrowser);","            });","        });","        // run tests","        local.testRunBrowser();","        break;","","","","    // run node js-env code - post-init","    /* istanbul ignore next */","    case 'node':","        // export local","        module.exports = local;","        // require modules","        local.fs = require('fs');","        local.http = require('http');","        local.url = require('url');","        // init assets","        local.assetsDict = local.assetsDict || {};","        /* jslint-ignore-begin */","        local.assetsDict['/assets.index.template.html'] = '\\","<!doctype html>\\n\\","<html lang=\"en\">\\n\\","<head>\\n\\","<meta charset=\"UTF-8\">\\n\\","<meta name=\"viewport\" content=\"width=device-width, initial-scale=1\">\\n\\","<title>{{env.npm_package_name}} (v{{env.npm_package_version}})</title>\\n\\","<style>\\n\\","/*csslint\\n\\","    box-sizing: false,\\n\\","    universal-selector: false\\n\\","*/\\n\\","* {\\n\\","    box-sizing: border-box;\\n\\","}\\n\\","body {\\n\\","    background: #dde;\\n\\","    font-family: Arial, Helvetica, sans-serif;\\n\\","    margin: 2rem;\\n\\","}\\n\\","body > * {\\n\\","    margin-bottom: 1rem;\\n\\","}\\n\\",".utility2FooterDiv {\\n\\","    margin-top: 20px;\\n\\","    text-align: center;\\n\\","}\\n\\","</style>\\n\\","<style>\\n\\","/*csslint\\n\\","*/\\n\\","textarea {\\n\\","    font-family: monospace;\\n\\","    height: 10rem;\\n\\","    width: 100%;\\n\\","}\\n\\","textarea[readonly] {\\n\\","    background: #ddd;\\n\\","}\\n\\","</style>\\n\\","</head>\\n\\","<body>\\n\\","<!-- utility2-comment\\n\\","<div id=\"ajaxProgressDiv1\" style=\"background: #d00; height: 2px; left: 0; margin: 0; padding: 0; position: fixed; top: 0; transition: background 0.5s, width 1.5s; width: 25%;\"></div>\\n\\","utility2-comment -->\\n\\","<h1>\\n\\","<!-- utility2-comment\\n\\","    <a\\n\\","        {{#if env.npm_package_homepage}}\\n\\","        href=\"{{env.npm_package_homepage}}\"\\n\\","        {{/if env.npm_package_homepage}}\\n\\","        target=\"_blank\"\\n\\","    >\\n\\","utility2-comment -->\\n\\","        {{env.npm_package_name}} (v{{env.npm_package_version}})\\n\\","<!-- utility2-comment\\n\\","    </a>\\n\\","utility2-comment -->\\n\\","</h1>\\n\\","<h3>{{env.npm_package_description}}</h3>\\n\\","<!-- utility2-comment\\n\\","<h4><a download href=\"assets.app.js\">download standalone app</a></h4>\\n\\","<button class=\"onclick onreset\" id=\"testRunButton1\">run internal test</button><br>\\n\\","<div id=\"testReportDiv1\" style=\"display: none;\"></div>\\n\\","utility2-comment -->\\n\\","\\n\\","\\n\\","\\n\\","<label>stderr and stdout</label>\\n\\","<textarea class=\"resettable\" id=\"outputTextareaStdout1\" readonly></textarea>\\n\\","<!-- utility2-comment\\n\\","{{#if isRollup}}\\n\\","<script src=\"assets.app.js\"></script>\\n\\","{{#unless isRollup}}\\n\\","utility2-comment -->\\n\\","<script src=\"assets.utility2.rollup.js\"></script>\\n\\","<script src=\"jsonp.utility2._stateInit?callback=window.utility2._stateInit\"></script>\\n\\","<script src=\"assets.npmtest_alloy.rollup.js\"></script>\\n\\","<script src=\"assets.example.js\"></script>\\n\\","<script src=\"assets.test.js\"></script>\\n\\","<!-- utility2-comment\\n\\","{{/if isRollup}}\\n\\","utility2-comment -->\\n\\","<div class=\"utility2FooterDiv\">\\n\\","    [ this app was created with\\n\\","    <a href=\"https://github.com/kaizhu256/node-utility2\" target=\"_blank\">utility2</a>\\n\\","    ]\\n\\","</div>\\n\\","</body>\\n\\","</html>\\n\\","';","        /* jslint-ignore-end */","        if (local.templateRender) {","            local.assetsDict['/'] = local.templateRender(","                local.assetsDict['/assets.index.template.html'],","                {","                    env: local.objectSetDefault(local.env, {","                        npm_package_description: 'the greatest app in the world!',","                        npm_package_name: 'my-app',","                        npm_package_nameAlias: 'my_app',","                        npm_package_version: '0.0.1'","                    })","                }","            );","        } else {","            local.assetsDict['/'] = local.assetsDict['/assets.index.template.html']","                .replace((/\\{\\{env\\.(\\w+?)\\}\\}/g), function (match0, match1) {","                    // jslint-hack","                    String(match0);","                    switch (match1) {","                    case 'npm_package_description':","                        return 'the greatest app in the world!';","                    case 'npm_package_name':","                        return 'my-app';","                    case 'npm_package_nameAlias':","                        return 'my_app';","                    case 'npm_package_version':","                        return '0.0.1';","                    }","                });","        }","        // run the cli","        if (local.global.utility2_rollup || module !== require.main) {","            break;","        }","        local.assetsDict['/assets.example.js'] =","            local.assetsDict['/assets.example.js'] ||","            local.fs.readFileSync(__filename, 'utf8');","        // bug-workaround - long $npm_package_buildCustomOrg","        /* jslint-ignore-begin */","        local.assetsDict['/assets.npmtest_alloy.rollup.js'] =","            local.assetsDict['/assets.npmtest_alloy.rollup.js'] ||","            local.fs.readFileSync(","                local.npmtest_alloy.__dirname + '/lib.npmtest_alloy.js',","                'utf8'","            ).replace((/^#!/), '//');","        /* jslint-ignore-end */","        local.assetsDict['/favicon.ico'] = local.assetsDict['/favicon.ico'] || '';","        // if $npm_config_timeout_exit exists,","        // then exit this process after $npm_config_timeout_exit ms","        if (Number(process.env.npm_config_timeout_exit)) {","            setTimeout(process.exit, Number(process.env.npm_config_timeout_exit));","        }","        // start server","        if (local.global.utility2_serverHttp1) {","            break;","        }","        process.env.PORT = process.env.PORT || '8081';","        console.error('server starting on port ' + process.env.PORT);","        local.http.createServer(function (request, response) {","            request.urlParsed = local.url.parse(request.url);","            if (local.assetsDict[request.urlParsed.pathname] !== undefined) {","                response.end(local.assetsDict[request.urlParsed.pathname]);","                return;","            }","            response.statusCode = 404;","            response.end();","        }).listen(process.env.PORT);","        break;","    }","}());",""],"l":{"26":2,"28":2,"33":2,"35":2,"37":2,"38":2,"39":2,"44":1,"51":2,"55":2,"59":2,"61":2,"69":1,"70":2,"76":2,"79":2,"82":2,"83":2,"85":1,"89":2,"92":1,"93":1,"94":1,"96":1,"97":1,"100":1,"101":1,"103":1,"106":1,"108":2,"114":1,"116":1,"118":1,"123":1,"124":2,"125":2,"126":3,"127":3,"128":3,"129":3,"130":1,"133":3,"134":3,"139":3,"143":1,"144":3,"145":1,"149":1,"150":1,"158":1,"160":1,"161":1,"162":1,"164":1,"166":1,"258":1,"259":1,"271":1,"274":6,"275":6,"277":1,"279":2,"281":1,"283":2,"288":1,"289":1,"291":1,"296":1,"303":1,"306":1,"307":1,"310":1,"311":1,"313":1,"314":1,"315":1,"316":1,"317":1,"318":1,"319":1,"321":1,"322":1,"324":1}},"/home/travis/build/npmtest/node-npmtest-alloy/node_modules/alloy/Alloy/alloy.js":{"path":"/home/travis/build/npmtest/node-npmtest-alloy/node_modules/alloy/Alloy/alloy.js","s":{"1":4,"2":4,"3":4,"4":0,"5":0,"6":0,"7":0,"8":4,"9":4,"10":4,"11":4,"12":4,"13":4,"14":4,"15":4,"16":4,"17":4,"18":4,"19":4,"20":4,"21":0,"22":4,"23":0,"24":4,"25":4,"26":4,"27":4,"28":4,"29":4,"30":4,"31":0,"32":4,"33":4,"34":4,"35":0,"36":1,"37":0,"38":0,"39":0,"40":0,"41":0,"42":1,"43":4,"44":4,"45":4,"46":44,"47":0},"b":{"1":[4,0],"2":[0,4],"3":[4,0],"4":[4,4],"5":[0,4],"6":[4,0],"7":[0,4],"8":[4,4,4,0],"9":[4,0],"10":[0,4],"11":[0,4],"12":[4,0],"13":[4,0],"14":[0,0],"15":[0,0],"16":[0,0]},"f":{"1":0,"2":0,"3":0,"4":4,"5":44},"fnMap":{"1":{"name":"(anonymous_1)","line":22,"loc":{"start":{"line":22,"column":17},"end":{"line":22,"column":29}}},"2":{"name":"(anonymous_2)","line":25,"loc":{"start":{"line":25,"column":45},"end":{"line":25,"column":57}}},"3":{"name":"banner","line":117,"loc":{"start":{"line":117,"column":0},"end":{"line":117,"column":18}}},"4":{"name":"getCommands","line":133,"loc":{"start":{"line":133,"column":0},"end":{"line":133,"column":23}}},"5":{"name":"(anonymous_5)","line":136,"loc":{"start":{"line":136,"column":48},"end":{"line":136,"column":63}}}},"statementMap":{"1":{"start":{"line":6,"column":0},"end":{"line":15,"column":39}},"2":{"start":{"line":18,"column":0},"end":{"line":18,"column":51}},"3":{"start":{"line":21,"column":0},"end":{"line":28,"column":1}},"4":{"start":{"line":22,"column":1},"end":{"line":24,"column":3}},"5":{"start":{"line":23,"column":2},"end":{"line":23,"column":21}},"6":{"start":{"line":25,"column":1},"end":{"line":27,"column":3}},"7":{"start":{"line":26,"column":2},"end":{"line":26,"column":21}},"8":{"start":{"line":35,"column":0},"end":{"line":55,"column":79}},"9":{"start":{"line":57,"column":0},"end":{"line":58,"column":54}},"10":{"start":{"line":60,"column":0},"end":{"line":61,"column":61}},"11":{"start":{"line":63,"column":0},"end":{"line":64,"column":89}},"12":{"start":{"line":66,"column":0},"end":{"line":67,"column":74}},"13":{"start":{"line":69,"column":0},"end":{"line":70,"column":101}},"14":{"start":{"line":72,"column":0},"end":{"line":73,"column":101}},"15":{"start":{"line":75,"column":0},"end":{"line":76,"column":84}},"16":{"start":{"line":78,"column":0},"end":{"line":78,"column":28}},"17":{"start":{"line":82,"column":0},"end":{"line":82,"column":33}},"18":{"start":{"line":83,"column":0},"end":{"line":83,"column":49}},"19":{"start":{"line":84,"column":0},"end":{"line":84,"column":54}},"20":{"start":{"line":85,"column":0},"end":{"line":87,"column":1}},"21":{"start":{"line":86,"column":1},"end":{"line":86,"column":22}},"22":{"start":{"line":89,"column":0},"end":{"line":91,"column":1}},"23":{"start":{"line":90,"column":1},"end":{"line":90,"column":10}},"24":{"start":{"line":93,"column":0},"end":{"line":99,"column":1}},"25":{"start":{"line":94,"column":1},"end":{"line":94,"column":38}},"26":{"start":{"line":95,"column":1},"end":{"line":95,"column":134}},"27":{"start":{"line":96,"column":1},"end":{"line":96,"column":61}},"28":{"start":{"line":97,"column":1},"end":{"line":97,"column":19}},"29":{"start":{"line":98,"column":1},"end":{"line":98,"column":17}},"30":{"start":{"line":101,"column":0},"end":{"line":103,"column":1}},"31":{"start":{"line":102,"column":1},"end":{"line":102,"column":122}},"32":{"start":{"line":106,"column":0},"end":{"line":106,"column":30}},"33":{"start":{"line":107,"column":0},"end":{"line":109,"column":1}},"34":{"start":{"line":108,"column":1},"end":{"line":108,"column":42}},"35":{"start":{"line":112,"column":0},"end":{"line":112,"column":78}},"36":{"start":{"line":117,"column":0},"end":{"line":131,"column":1}},"37":{"start":{"line":118,"column":1},"end":{"line":124,"column":32}},"38":{"start":{"line":126,"column":1},"end":{"line":130,"column":2}},"39":{"start":{"line":127,"column":2},"end":{"line":127,"column":51}},"40":{"start":{"line":128,"column":2},"end":{"line":128,"column":110}},"41":{"start":{"line":129,"column":2},"end":{"line":129,"column":62}},"42":{"start":{"line":133,"column":0},"end":{"line":142,"column":1}},"43":{"start":{"line":134,"column":1},"end":{"line":141,"column":2}},"44":{"start":{"line":135,"column":2},"end":{"line":135,"column":54}},"45":{"start":{"line":136,"column":2},"end":{"line":138,"column":5}},"46":{"start":{"line":137,"column":3},"end":{"line":137,"column":69}},"47":{"start":{"line":140,"column":2},"end":{"line":140,"column":41}}},"branchMap":{"1":{"line":18,"type":"binary-expr","locations":[{"start":{"line":18,"column":18},"end":{"line":18,"column":31}},{"start":{"line":18,"column":35},"end":{"line":18,"column":50}}]},"2":{"line":21,"type":"if","locations":[{"start":{"line":21,"column":0},"end":{"line":21,"column":0}},{"start":{"line":21,"column":0},"end":{"line":21,"column":0}}]},"3":{"line":21,"type":"binary-expr","locations":[{"start":{"line":21,"column":4},"end":{"line":21,"column":27}},{"start":{"line":21,"column":31},"end":{"line":21,"column":58}}]},"4":{"line":84,"type":"binary-expr","locations":[{"start":{"line":84,"column":18},"end":{"line":84,"column":37}},{"start":{"line":84,"column":41},"end":{"line":84,"column":53}}]},"5":{"line":85,"type":"if","locations":[{"start":{"line":85,"column":0},"end":{"line":85,"column":0}},{"start":{"line":85,"column":0},"end":{"line":85,"column":0}}]},"6":{"line":85,"type":"binary-expr","locations":[{"start":{"line":85,"column":4},"end":{"line":85,"column":18}},{"start":{"line":85,"column":22},"end":{"line":85,"column":63}}]},"7":{"line":89,"type":"if","locations":[{"start":{"line":89,"column":0},"end":{"line":89,"column":0}},{"start":{"line":89,"column":0},"end":{"line":89,"column":0}}]},"8":{"line":89,"type":"binary-expr","locations":[{"start":{"line":89,"column":4},"end":{"line":89,"column":21}},{"start":{"line":89,"column":25},"end":{"line":89,"column":51}},{"start":{"line":89,"column":56},"end":{"line":89,"column":70}},{"start":{"line":89,"column":74},"end":{"line":89,"column":115}}]},"9":{"line":93,"type":"if","locations":[{"start":{"line":93,"column":0},"end":{"line":93,"column":0}},{"start":{"line":93,"column":0},"end":{"line":93,"column":0}}]},"10":{"line":96,"type":"cond-expr","locations":[{"start":{"line":96,"column":29},"end":{"line":96,"column":53}},{"start":{"line":96,"column":56},"end":{"line":96,"column":60}}]},"11":{"line":101,"type":"if","locations":[{"start":{"line":101,"column":0},"end":{"line":101,"column":0}},{"start":{"line":101,"column":0},"end":{"line":101,"column":0}}]},"12":{"line":101,"type":"binary-expr","locations":[{"start":{"line":101,"column":4},"end":{"line":101,"column":20}},{"start":{"line":101,"column":24},"end":{"line":101,"column":83}}]},"13":{"line":107,"type":"if","locations":[{"start":{"line":107,"column":0},"end":{"line":107,"column":0}},{"start":{"line":107,"column":0},"end":{"line":107,"column":0}}]},"14":{"line":126,"type":"if","locations":[{"start":{"line":126,"column":1},"end":{"line":126,"column":1}},{"start":{"line":126,"column":1},"end":{"line":126,"column":1}}]},"15":{"line":127,"type":"cond-expr","locations":[{"start":{"line":127,"column":35},"end":{"line":127,"column":38}},{"start":{"line":127,"column":41},"end":{"line":127,"column":49}}]},"16":{"line":129,"type":"cond-expr","locations":[{"start":{"line":129,"column":35},"end":{"line":129,"column":56}},{"start":{"line":129,"column":59},"end":{"line":129,"column":60}}]}},"code":["/**"," * Alloy"," * Copyright (c) 2012 by Appcelerator, Inc. All Rights Reserved."," * See LICENSE for more information on licensing."," */","var program = require('commander'),","\tlogger = require('./logger'),","\tos = require('os'),","\tU = require('./utils'),","\tcolors = require('colors'),","\t_ = require('./lib/alloy/underscore')._,","\tpkginfo = require('pkginfo')(module, 'version'),","\tpath = require('path'),","\tfs = require('fs'),","\tCONST = require('./common/constants');","","// patch to remove the warning in node >=0.8","path.existsSync = fs.existsSync || path.existsSync;","","// avoid io issues on Windows in nodejs 0.10.X: https://github.com/joyent/node/issues/3584","if (process.env.ALLOY_TESTS && /^win/i.test(os.platform())) {","\tconsole.error = function(m) {","\t\tfs.writeSync(2, m);","\t};","\tconsole.log = console.warn = console.info = function(m) {","\t\tfs.writeSync(1, m);","\t};","}","","////////////////////////////////////","////////// MAIN EXECUTION //////////","////////////////////////////////////","","// Process command line input","program","\t.version(module.exports.version, '-v, --version')","\t.description('Alloy command line')","\t.usage('COMMAND [ARGS] [OPTIONS]')","\t.option('-a, --app <app>', 'Test app folder for running \"alloy test\"')","\t.option('-A, --apply', 'Applies command changes [extract-i18n]')","\t.option('-b, --noBanner', 'Disable the banner')","\t.option('-c, --config <config>', 'Pass in compiler configuration')","\t.option('-f, --force', 'Force the command to execute')","\t.option('-l, --logLevel <logLevel>', 'Log level (default: 3 [DEBUG])')","\t.option('-n, --no-colors', 'Turn off colors')","\t.option('-o, --outputPath <outputPath>', 'Output path for generated code')","\t.option('-p, --project-dir <project-dir>', 'Titanium project directory')","\t.option('-q, --platform <platform>', 'Target mobile platform [android,ios,mobileweb]')","\t.option('-s, --spec <spec>', 'test spec to use with \"alloy test\"')","\t.option('-w, --all', 'require flag for generate styles')","\t.option('-x, --column <column>', 'Column for source map query', 1)","\t.option('-y, --line <line>', 'Line for source map query', 1)","\t.option('-z, --source <source>', 'Source original file for source map query')","\t.option('--widgetname <name>', 'Widget name, used with generate command')","\t.option('--testapp <name>', 'Test app name to import, used with new command');","","program.command('new'.blue + ' <dir>'.white)","\t\t.description('    create a new alloy project'.grey);","","program.command('compile'.blue + ' [dir]'.white)","\t\t.description('    compile into titanium source code'.grey);","","program.command('extract-i18n'.blue + ' <language>'.white)","\t\t.description('    extracts i18n strings from the source code (js and tss files)'.grey);","","program.command('generate'.blue + ' <type> <name>'.white)","\t\t.description('    generate a new alloy type such as a controller'.grey);","","program.command('copy'.blue + ' <source> <destination>'.white)","\t\t.description('    copy the controller, view, and style files from <source> to <destination>'.grey);","","program.command('move'.blue + ' <source> <destination>'.white)","\t\t.description('    move the controller, view, and style files from <source> to <destination>'.grey);","","program.command('remove'.blue + ' <source>'.white)","\t\t.description('    remove the controller, view, and style files at <source>'.grey);","","program.parse(process.argv);","","","// Setup up logging output","Error.stackTraceLimit = Infinity;","logger.stripColors = program['colors'] === false;","logger.logLevel = program['logLevel'] || logger.TRACE;","if (program.config && program.config.indexOf('logLevel') !== -1) {","\tlogger.logLevel = -1;","}","","if (!program.noBanner && program.args[0] !== 'info' && (program.config && program.config.indexOf('noBanner') === -1)) {","\tbanner();","}","","if (program.args.length === 0) {","\tvar help = program.helpInformation();","\thelp = help.replace('Usage: alloy COMMAND [ARGS] [OPTIONS]', 'Usage: ' + 'alloy'.blue + ' COMMAND'.white + ' [ARGS] [OPTIONS]'.grey);","\thelp = logger.stripColors ? colors.stripColors(help) : help;","\tconsole.log(help);","\tprocess.exit(0);","}","","if (program.platform && !_.contains(CONST.PLATFORM_FOLDERS_ALLOY, program.platform)) {","\tU.die('Invalid platform \"' + program.platform + '\" specified, must be [' + CONST.PLATFORM_FOLDERS_ALLOY.join(',') + ']');","}","","// Validate the given command","var command = program.args[0];","if (!_.contains(getCommands(), command)) {","\tU.die('Unknown command: ' + command.red);","}","","// Launch command with given arguments and options","(require('./commands/' + command + '/index'))(program.args.slice(1), program);","","///////////////////////////////","////////// FUNCTIONS //////////","///////////////////////////////","function banner() {","\tvar str =","\t'       .__  .__                \\n' +","\t'_____  |  | |  |   ____ ___.__.\\n' +","\t'\\\\__  \\\\ |  | |  |  /  _ <   |  |\\n' +","\t' / __ \\\\|  |_|  |_(  <_> )___  |\\n' +","\t'(____  /____/____/\\\\____// ____|\\n' +","\t'     \\\\/                 \\\\/';","","\tif (!program.dump) {","\t\tconsole.log(logger.stripColors ? str : str.blue);","\t\tvar m = 'Alloy ' + module.exports.version + ' by Appcelerator. The MVC app framework for Titanium.\\n'.white;","\t\tconsole.log(logger.stripColors ? colors.stripColors(m) : m);","\t}","}","","function getCommands() {","\ttry {","\t\tvar commandsPath = path.join(__dirname, 'commands');","\t\treturn _.filter(fs.readdirSync(commandsPath), function(file) {","\t\t\treturn path.existsSync(path.join(commandsPath, file, 'index.js'));","\t\t});","\t} catch (e) {","\t\tU.die('Error getting command list', e);","\t}","}",""],"l":{"6":4,"18":4,"21":4,"22":0,"23":0,"25":0,"26":0,"35":4,"57":4,"60":4,"63":4,"66":4,"69":4,"72":4,"75":4,"78":4,"82":4,"83":4,"84":4,"85":4,"86":0,"89":4,"90":0,"93":4,"94":4,"95":4,"96":4,"97":4,"98":4,"101":4,"102":0,"106":4,"107":4,"108":4,"112":0,"117":1,"118":0,"126":0,"127":0,"128":0,"129":0,"133":1,"134":4,"135":4,"136":4,"137":44,"140":0}},"/home/travis/build/npmtest/node-npmtest-alloy/node_modules/alloy/Alloy/logger.js":{"path":"/home/travis/build/npmtest/node-npmtest-alloy/node_modules/alloy/Alloy/logger.js","s":{"1":1,"2":1,"3":1,"4":1,"5":1,"6":1,"7":1,"8":1,"9":1,"10":1,"11":1,"12":0,"13":0,"14":1,"15":0,"16":0,"17":1,"18":0,"19":0,"20":1,"21":0,"22":0,"23":1,"24":0,"25":0,"26":1,"27":1,"28":0,"29":0,"30":0,"31":0,"32":0,"33":1,"34":0,"35":1,"36":0,"37":0,"38":0,"39":0,"40":0,"41":1,"42":0,"43":0,"44":0,"45":0,"46":0,"47":0,"48":1,"49":0,"50":0,"51":0,"52":0,"53":0,"54":0,"55":0,"56":0,"57":0},"b":{"1":[0,0],"2":[0,0],"3":[0,0],"4":[0,0],"5":[0,0],"6":[0,0],"7":[0,0],"8":[0,0],"9":[0,0],"10":[0,0],"11":[0,0],"12":[0,0],"13":[0,0],"14":[0,0],"15":[0,0],"16":[0,0],"17":[0,0]},"f":{"1":0,"2":0,"3":0,"4":0,"5":0,"6":0,"7":0,"8":0,"9":0,"10":0,"11":0,"12":0},"fnMap":{"1":{"name":"(anonymous_1)","line":14,"loc":{"start":{"line":14,"column":16},"end":{"line":14,"column":30}}},"2":{"name":"(anonymous_2)","line":18,"loc":{"start":{"line":18,"column":16},"end":{"line":18,"column":30}}},"3":{"name":"(anonymous_3)","line":22,"loc":{"start":{"line":22,"column":15},"end":{"line":22,"column":29}}},"4":{"name":"(anonymous_4)","line":26,"loc":{"start":{"line":26,"column":15},"end":{"line":26,"column":29}}},"5":{"name":"(anonymous_5)","line":30,"loc":{"start":{"line":30,"column":16},"end":{"line":30,"column":30}}},"6":{"name":"(anonymous_6)","line":36,"loc":{"start":{"line":36,"column":10},"end":{"line":36,"column":32}}},"7":{"name":"(anonymous_7)","line":45,"loc":{"start":{"line":45,"column":14},"end":{"line":45,"column":31}}},"8":{"name":"(anonymous_8)","line":49,"loc":{"start":{"line":49,"column":20},"end":{"line":49,"column":31}}},"9":{"name":"(anonymous_9)","line":51,"loc":{"start":{"line":51,"column":11},"end":{"line":51,"column":25}}},"10":{"name":"(anonymous_10)","line":59,"loc":{"start":{"line":59,"column":19},"end":{"line":59,"column":47}}},"11":{"name":"(anonymous_11)","line":67,"loc":{"start":{"line":67,"column":15},"end":{"line":67,"column":29}}},"12":{"name":"printLine","line":71,"loc":{"start":{"line":71,"column":1},"end":{"line":71,"column":26}}}},"statementMap":{"1":{"start":{"line":1,"column":0},"end":{"line":2,"column":24}},"2":{"start":{"line":4,"column":0},"end":{"line":4,"column":18}},"3":{"start":{"line":5,"column":0},"end":{"line":5,"column":18}},"4":{"start":{"line":6,"column":0},"end":{"line":6,"column":17}},"5":{"start":{"line":7,"column":0},"end":{"line":7,"column":17}},"6":{"start":{"line":8,"column":0},"end":{"line":8,"column":18}},"7":{"start":{"line":9,"column":0},"end":{"line":9,"column":18}},"8":{"start":{"line":10,"column":0},"end":{"line":10,"column":33}},"9":{"start":{"line":11,"column":0},"end":{"line":11,"column":28}},"10":{"start":{"line":12,"column":0},"end":{"line":12,"column":30}},"11":{"start":{"line":14,"column":0},"end":{"line":16,"column":2}},"12":{"start":{"line":15,"column":1},"end":{"line":15,"column":79}},"13":{"start":{"line":15,"column":42},"end":{"line":15,"column":77}},"14":{"start":{"line":18,"column":0},"end":{"line":20,"column":2}},"15":{"start":{"line":19,"column":1},"end":{"line":19,"column":79}},"16":{"start":{"line":19,"column":42},"end":{"line":19,"column":77}},"17":{"start":{"line":22,"column":0},"end":{"line":24,"column":2}},"18":{"start":{"line":23,"column":1},"end":{"line":23,"column":78}},"19":{"start":{"line":23,"column":41},"end":{"line":23,"column":76}},"20":{"start":{"line":26,"column":0},"end":{"line":28,"column":2}},"21":{"start":{"line":27,"column":1},"end":{"line":27,"column":79}},"22":{"start":{"line":27,"column":41},"end":{"line":27,"column":77}},"23":{"start":{"line":30,"column":0},"end":{"line":32,"column":2}},"24":{"start":{"line":31,"column":1},"end":{"line":31,"column":78}},"25":{"start":{"line":31,"column":42},"end":{"line":31,"column":76}},"26":{"start":{"line":35,"column":0},"end":{"line":35,"column":57}},"27":{"start":{"line":36,"column":0},"end":{"line":44,"column":2}},"28":{"start":{"line":37,"column":1},"end":{"line":37,"column":24}},"29":{"start":{"line":38,"column":1},"end":{"line":42,"column":2}},"30":{"start":{"line":39,"column":2},"end":{"line":41,"column":3}},"31":{"start":{"line":40,"column":3},"end":{"line":40,"column":15}},"32":{"start":{"line":43,"column":1},"end":{"line":43,"column":14}},"33":{"start":{"line":45,"column":0},"end":{"line":47,"column":2}},"34":{"start":{"line":46,"column":1},"end":{"line":46,"column":68}},"35":{"start":{"line":49,"column":0},"end":{"line":57,"column":2}},"36":{"start":{"line":50,"column":1},"end":{"line":50,"column":23}},"37":{"start":{"line":51,"column":1},"end":{"line":54,"column":3}},"38":{"start":{"line":52,"column":2},"end":{"line":52,"column":12}},"39":{"start":{"line":53,"column":2},"end":{"line":53,"column":42}},"40":{"start":{"line":55,"column":1},"end":{"line":56,"column":85}},"41":{"start":{"line":59,"column":0},"end":{"line":85,"column":2}},"42":{"start":{"line":61,"column":1},"end":{"line":61,"column":17}},"43":{"start":{"line":62,"column":1},"end":{"line":62,"column":25}},"44":{"start":{"line":63,"column":1},"end":{"line":63,"column":45}},"45":{"start":{"line":64,"column":1},"end":{"line":64,"column":26}},"46":{"start":{"line":67,"column":1},"end":{"line":69,"column":3}},"47":{"start":{"line":68,"column":2},"end":{"line":68,"column":79}},"48":{"start":{"line":71,"column":1},"end":{"line":83,"column":2}},"49":{"start":{"line":72,"column":2},"end":{"line":82,"column":3}},"50":{"start":{"line":73,"column":3},"end":{"line":75,"column":4}},"51":{"start":{"line":74,"column":4},"end":{"line":74,"column":23}},"52":{"start":{"line":77,"column":3},"end":{"line":78,"column":31}},"53":{"start":{"line":79,"column":3},"end":{"line":79,"column":44}},"54":{"start":{"line":80,"column":3},"end":{"line":80,"column":57}},"55":{"start":{"line":80,"column":30},"end":{"line":80,"column":55}},"56":{"start":{"line":81,"column":3},"end":{"line":81,"column":16}},"57":{"start":{"line":84,"column":1},"end":{"line":84,"column":16}}},"branchMap":{"1":{"line":15,"type":"if","locations":[{"start":{"line":15,"column":1},"end":{"line":15,"column":1}},{"start":{"line":15,"column":1},"end":{"line":15,"column":1}}]},"2":{"line":19,"type":"if","locations":[{"start":{"line":19,"column":1},"end":{"line":19,"column":1}},{"start":{"line":19,"column":1},"end":{"line":19,"column":1}}]},"3":{"line":23,"type":"if","locations":[{"start":{"line":23,"column":1},"end":{"line":23,"column":1}},{"start":{"line":23,"column":1},"end":{"line":23,"column":1}}]},"4":{"line":27,"type":"if","locations":[{"start":{"line":27,"column":1},"end":{"line":27,"column":1}},{"start":{"line":27,"column":1},"end":{"line":27,"column":1}}]},"5":{"line":31,"type":"if","locations":[{"start":{"line":31,"column":1},"end":{"line":31,"column":1}},{"start":{"line":31,"column":1},"end":{"line":31,"column":1}}]},"6":{"line":39,"type":"if","locations":[{"start":{"line":39,"column":2},"end":{"line":39,"column":2}},{"start":{"line":39,"column":2},"end":{"line":39,"column":2}}]},"7":{"line":53,"type":"cond-expr","locations":[{"start":{"line":53,"column":26},"end":{"line":53,"column":35}},{"start":{"line":53,"column":38},"end":{"line":53,"column":41}}]},"8":{"line":61,"type":"binary-expr","locations":[{"start":{"line":61,"column":7},"end":{"line":61,"column":10}},{"start":{"line":61,"column":14},"end":{"line":61,"column":16}}]},"9":{"line":62,"type":"binary-expr","locations":[{"start":{"line":62,"column":9},"end":{"line":62,"column":14}},{"start":{"line":62,"column":18},"end":{"line":62,"column":24}}]},"10":{"line":63,"type":"cond-expr","locations":[{"start":{"line":63,"column":30},"end":{"line":63,"column":35}},{"start":{"line":63,"column":38},"end":{"line":63,"column":44}}]},"11":{"line":64,"type":"binary-expr","locations":[{"start":{"line":64,"column":9},"end":{"line":64,"column":14}},{"start":{"line":64,"column":18},"end":{"line":64,"column":25}}]},"12":{"line":68,"type":"cond-expr","locations":[{"start":{"line":68,"column":44},"end":{"line":68,"column":55}},{"start":{"line":68,"column":58},"end":{"line":68,"column":72}}]},"13":{"line":68,"type":"binary-expr","locations":[{"start":{"line":68,"column":3},"end":{"line":68,"column":20}},{"start":{"line":68,"column":24},"end":{"line":68,"column":41}}]},"14":{"line":72,"type":"if","locations":[{"start":{"line":72,"column":2},"end":{"line":72,"column":2}},{"start":{"line":72,"column":2},"end":{"line":72,"column":2}}]},"15":{"line":77,"type":"cond-expr","locations":[{"start":{"line":77,"column":38},"end":{"line":77,"column":62}},{"start":{"line":77,"column":65},"end":{"line":77,"column":67}}]},"16":{"line":79,"type":"binary-expr","locations":[{"start":{"line":79,"column":25},"end":{"line":79,"column":29}},{"start":{"line":79,"column":33},"end":{"line":79,"column":35}}]},"17":{"line":80,"type":"if","locations":[{"start":{"line":80,"column":3},"end":{"line":80,"column":3}},{"start":{"line":80,"column":3},"end":{"line":80,"column":3}}]}},"code":["var colors = require('colors'),","\tU = require('./utils');","","exports.TRACE = 4;","exports.DEBUG = 3;","exports.INFO = 2;","exports.WARN = 1;","exports.ERROR = 0;","exports.NONE = -1;","exports.logLevel = exports.TRACE;","exports.stripColors = false;","exports.showTimestamp = false;","","exports.trace = function(msg) {","\tif (exports.logLevel >= exports.TRACE) { printMessage(msg, 'trace', 'grey'); }","};","","exports.debug = function(msg) {","\tif (exports.logLevel >= exports.DEBUG) { printMessage(msg, 'debug', 'cyan'); }","};","","exports.info = function(msg) {","\tif (exports.logLevel >= exports.INFO) { printMessage(msg, 'info', 'white'); }","};","","exports.warn = function(msg) {","\tif (exports.logLevel >= exports.WARN) { printMessage(msg, 'warn', 'yellow'); }","};","","exports.error = function(msg) {","\tif (exports.logLevel >= exports.ERROR) { printMessage(msg, 'error', 'red'); }","};","","// Private functions and members","var levels = ['info', 'debug', 'error', 'warn', 'trace'];","var has = function(array, item) {","\tvar len = array.length;","\tfor (var i = 0; i < len; i++) {","\t\tif (array[i] === item) {","\t\t\treturn true;","\t\t}","\t}","\treturn false;","};","var isArray = function(object) {","\treturn Object.prototype.toString.call(object) === '[object Array]';","};","","var formattedDate = function() {","\tvar date = new Date();","\tvar pad = function(val) {","\t\tval += '';","\t\treturn val.length < 2 ? '0' + val : val;","\t};","\treturn date.getFullYear() + '-' + pad(date.getMonth() + 1) + '-' + pad(date.getDate()) + ' ' +","\t\tpad(date.getHours()) + ':' + pad(date.getMinutes()) + ':' + pad(date.getSeconds());","};","","var printMessage = function(msg, level, color) {","\t// Validate arguments","\tmsg = msg || '';","\tlevel = level || 'info';","\tlevel = has(levels, level) ? level : 'info';","\tcolor = color || 'white';","","\t// Have to wrap in a function to avoid \"Illegal invocation\" error on android","\tvar logFunc = function(msg) {","\t\t(level === 'debug' || level === 'trace' ? console.log : console[level])(msg);","\t};","","\tfunction printLine(line) {","\t\tif (isArray(line)) {","\t\t\tfor (var i = 0; i < line.length; i++) {","\t\t\t\tprintLine(line[i]);","\t\t\t}","\t\t} else {","\t\t\tvar tag = (exports.showTimestamp ? formattedDate() + ' -- ' : '') + '[' +","\t\t\t\tlevel.toUpperCase() + '] ';","\t\t\tvar str = tag.grey + (line || '')[color];","\t\t\tif (exports.stripColors) { str = U.stripColors(str); }","\t\t\tlogFunc(str);","\t\t}","\t}","\tprintLine(msg);","};",""],"l":{"1":1,"4":1,"5":1,"6":1,"7":1,"8":1,"9":1,"10":1,"11":1,"12":1,"14":1,"15":0,"18":1,"19":0,"22":1,"23":0,"26":1,"27":0,"30":1,"31":0,"35":1,"36":1,"37":0,"38":0,"39":0,"40":0,"43":0,"45":1,"46":0,"49":1,"50":0,"51":0,"52":0,"53":0,"55":0,"59":1,"61":0,"62":0,"63":0,"64":0,"67":0,"68":0,"71":1,"72":0,"73":0,"74":0,"77":0,"79":0,"80":0,"81":0,"84":0}},"/home/travis/build/npmtest/node-npmtest-alloy/node_modules/alloy/Alloy/utils.js":{"path":"/home/travis/build/npmtest/node-npmtest-alloy/node_modules/alloy/Alloy/utils.js","s":{"1":1,"2":1,"3":1,"4":0,"5":0,"6":0,"7":0,"8":0,"9":0,"10":0,"11":0,"12":0,"13":0,"14":0,"15":0,"16":0,"17":0,"18":0,"19":0,"20":0,"21":0,"22":0,"23":0,"24":0,"25":0,"26":0,"27":0,"28":0,"29":0,"30":0,"31":0,"32":0,"33":0,"34":0,"35":0,"36":0,"37":0,"38":0,"39":0,"40":0,"41":0,"42":0,"43":0,"44":0,"45":0,"46":1,"47":0,"48":1,"49":0,"50":1,"51":0,"52":0,"53":0,"54":0,"55":0,"56":0,"57":0,"58":0,"59":0,"60":0,"61":0,"62":0,"63":0,"64":0,"65":0,"66":0,"67":0,"68":0,"69":0,"70":0,"71":0,"72":1,"73":0,"74":0,"75":0,"76":0,"77":0,"78":0,"79":0,"80":0,"81":0,"82":0,"83":0,"84":0,"85":0,"86":0,"87":0,"88":0,"89":0,"90":0,"91":1,"92":0,"93":0,"94":0,"95":0,"96":0,"97":0,"98":0,"99":0,"100":0,"101":0,"102":0,"103":0,"104":0,"105":0,"106":0,"107":0,"108":0,"109":0,"110":0,"111":0,"112":0,"113":0,"114":0,"115":0,"116":0,"117":0,"118":0,"119":0,"120":0,"121":0,"122":0,"123":0,"124":0,"125":0,"126":0,"127":0,"128":0,"129":0,"130":0,"131":0,"132":0,"133":0,"134":0,"135":0,"136":0,"137":0,"138":0,"139":0,"140":0,"141":0,"142":1,"143":0,"144":0,"145":0,"146":0,"147":0,"148":0,"149":0,"150":0,"151":0,"152":0,"153":0,"154":0,"155":0,"156":0,"157":0,"158":0,"159":0,"160":0,"161":0,"162":0,"163":1,"164":0,"165":0,"166":0,"167":0,"168":0,"169":0,"170":1,"171":0,"172":0,"173":0,"174":0,"175":0,"176":0,"177":0,"178":0,"179":0,"180":0,"181":0,"182":0,"183":0,"184":0,"185":0,"186":0,"187":1,"188":0,"189":0,"190":0,"191":0,"192":0,"193":0,"194":0,"195":0,"196":0,"197":0,"198":0,"199":0,"200":0,"201":0,"202":0,"203":1,"204":0,"205":1,"206":0,"207":0,"208":0,"209":1,"210":0,"211":0,"212":0,"213":1,"214":0,"215":1,"216":0,"217":0,"218":0,"219":0,"220":0,"221":0,"222":0,"223":0,"224":0,"225":0,"226":0,"227":0,"228":0,"229":0,"230":0,"231":0,"232":1,"233":0,"234":0,"235":0,"236":0,"237":0,"238":0,"239":0,"240":0,"241":0,"242":0,"243":1,"244":0,"245":0,"246":0,"247":0,"248":0,"249":0,"250":0,"251":0,"252":0,"253":0,"254":0,"255":0,"256":0,"257":1,"258":0,"259":0,"260":1,"261":0,"262":0,"263":0,"264":0,"265":1,"266":0,"267":0,"268":0,"269":1,"270":0,"271":0,"272":0,"273":0,"274":1,"275":0,"276":1,"277":0,"278":0,"279":0,"280":0,"281":0,"282":0,"283":0,"284":0,"285":0,"286":0,"287":0,"288":0,"289":1,"290":0,"291":1,"292":0,"293":0,"294":0,"295":0,"296":0,"297":0,"298":0,"299":0,"300":1,"301":0,"302":0,"303":0,"304":1,"305":0,"306":0,"307":1,"308":0,"309":0,"310":0,"311":1,"312":0,"313":1,"314":0,"315":1,"316":0,"317":0,"318":0,"319":0,"320":0,"321":0},"b":{"1":[0,0],"2":[0,0],"3":[0,0],"4":[0,0],"5":[0,0],"6":[0,0],"7":[0,0],"8":[0,0],"9":[0,0],"10":[0,0],"11":[0,0],"12":[0,0],"13":[0,0,0],"14":[0,0],"15":[0,0],"16":[0,0],"17":[0,0],"18":[0,0],"19":[0,0],"20":[0,0],"21":[0,0],"22":[0,0],"23":[0,0],"24":[0,0],"25":[0,0],"26":[0,0],"27":[0,0],"28":[0,0],"29":[0,0],"30":[0,0],"31":[0,0],"32":[0,0],"33":[0,0],"34":[0,0],"35":[0,0],"36":[0,0],"37":[0,0],"38":[0,0,0,0,0,0,0],"39":[0,0],"40":[0,0],"41":[0,0],"42":[0,0,0],"43":[0,0],"44":[0,0,0,0,0],"45":[0,0],"46":[0,0],"47":[0,0],"48":[0,0,0,0],"49":[0,0],"50":[0,0],"51":[0,0,0],"52":[0,0],"53":[0,0],"54":[0,0],"55":[0,0],"56":[0,0],"57":[0,0],"58":[0,0],"59":[0,0],"60":[0,0],"61":[0,0],"62":[0,0],"63":[0,0],"64":[0,0],"65":[0,0],"66":[0,0],"67":[0,0],"68":[0,0],"69":[0,0],"70":[0,0],"71":[0,0],"72":[0,0],"73":[0,0],"74":[0,0],"75":[0,0],"76":[0,0],"77":[0,0],"78":[0,0],"79":[0,0],"80":[0,0]},"f":{"1":0,"2":0,"3":0,"4":0,"5":0,"6":0,"7":0,"8":0,"9":0,"10":0,"11":0,"12":0,"13":0,"14":0,"15":0,"16":0,"17":0,"18":0,"19":0,"20":0,"21":0,"22":0,"23":0,"24":0,"25":0,"26":0,"27":0,"28":0,"29":0,"30":0,"31":0,"32":0,"33":0,"34":0,"35":0,"36":0,"37":0,"38":0,"39":0,"40":0,"41":0,"42":0,"43":0,"44":0,"45":0,"46":0},"fnMap":{"1":{"name":"(anonymous_1)","line":23,"loc":{"start":{"line":23,"column":14},"end":{"line":23,"column":29}}},"2":{"name":"(anonymous_2)","line":34,"loc":{"start":{"line":34,"column":23},"end":{"line":34,"column":42}}},"3":{"name":"(anonymous_3)","line":46,"loc":{"start":{"line":46,"column":18},"end":{"line":46,"column":35}}},"4":{"name":"(anonymous_4)","line":50,"loc":{"start":{"line":50,"column":50},"end":{"line":50,"column":62}}},"5":{"name":"(anonymous_5)","line":53,"loc":{"start":{"line":53,"column":46},"end":{"line":53,"column":58}}},"6":{"name":"(anonymous_6)","line":71,"loc":{"start":{"line":71,"column":16},"end":{"line":71,"column":35}}},"7":{"name":"(anonymous_7)","line":75,"loc":{"star
[...]
{"line":26,"column":18},"end":{"line":26,"column":31}}},"4":{"name":"(anonymous_4)","line":29,"loc":{"start":{"line":29,"column":37},"end":{"line":29,"column":62}}},"5":{"name":"(anonymous_5)","line":32,"loc":{"start":{"line":32,"column":21},"end":{"line":32,"column":33}}},"6":{"name":"scan","line":41,"loc":{"start":{"line":41,"column":0},"end":{"line":41,"column":37}}},"7":{"name":"(anonymous_7)","line":42,"loc":{"start":{"line":42,"column":17},"end":{"line":42,"column":38}}},"8":{"name":"(anonymous_8)","line":44,"loc":{"start":{"line":44,"column":20},"end":{"line":44,"column":41}}},"9":{"name":"(anonymous_9)","line":46,"loc":{"start":{"line":46,"column":21},"end":{"line":46,"column":41}}},"10":{"name":"(anonymous_10)","line":51,"loc":{"start":{"line":51,"column":28},"end":{"line":51,"column":51}}},"11":{"name":"(anonymous_11)","line":65,"loc":{"start":{"line":65,"column":5},"end":{"line":65,"column":19}}}},"statementMap":{"1":{"start":{"line":9,"column":0},"end":{"line":15,"column":46}},"2":{"start":{"line":17,"column":0},"end":{"line":38,"column":3}},"3":{"start":{"line":19,"column":1},"end":{"line":37,"column":4}},"4":{"start":{"line":20,"column":2},"end":{"line":20,"column":44}},"5":{"start":{"line":21,"column":2},"end":{"line":21,"column":48}},"6":{"start":{"line":22,"column":2},"end":{"line":22,"column":49}},"7":{"start":{"line":23,"column":2},"end":{"line":24,"column":18}},"8":{"start":{"line":25,"column":2},"end":{"line":25,"column":48}},"9":{"start":{"line":26,"column":2},"end":{"line":28,"column":5}},"10":{"start":{"line":27,"column":3},"end":{"line":27,"column":64}},"11":{"start":{"line":29,"column":2},"end":{"line":31,"column":5}},"12":{"start":{"line":30,"column":3},"end":{"line":30,"column":19}},"13":{"start":{"line":32,"column":2},"end":{"line":35,"column":5}},"14":{"start":{"line":33,"column":3},"end":{"line":33,"column":73}},"15":{"start":{"line":34,"column":3},"end":{"line":34,"column":48}},"16":{"start":{"line":36,"column":2},"end":{"line":36,"column":18}},"17":{"start":{"line":41,"column":0},"end":{"line":69,"column":1}},"18":{"start":{"line":42,"column":1},"end":{"line":68,"column":4}},"19":{"start":{"line":43,"column":2},"end":{"line":43,"column":23}},"20":{"start":{"line":44,"column":2},"end":{"line":67,"column":5}},"21":{"start":{"line":45,"column":3},"end":{"line":45,"column":35}},"22":{"start":{"line":46,"column":3},"end":{"line":64,"column":6}},"23":{"start":{"line":47,"column":4},"end":{"line":49,"column":5}},"24":{"start":{"line":48,"column":5},"end":{"line":48,"column":22}},"25":{"start":{"line":50,"column":4},"end":{"line":63,"column":5}},"26":{"start":{"line":51,"column":5},"end":{"line":57,"column":8}},"27":{"start":{"line":52,"column":6},"end":{"line":54,"column":7}},"28":{"start":{"line":53,"column":7},"end":{"line":53,"column":24}},"29":{"start":{"line":55,"column":6},"end":{"line":55,"column":48}},"30":{"start":{"line":56,"column":6},"end":{"line":56,"column":13}},"31":{"start":{"line":58,"column":11},"end":{"line":63,"column":5}},"32":{"start":{"line":59,"column":5},"end":{"line":61,"column":6}},"33":{"start":{"line":60,"column":6},"end":{"line":60,"column":33}},"34":{"start":{"line":62,"column":5},"end":{"line":62,"column":12}},"35":{"start":{"line":66,"column":3},"end":{"line":66,"column":30}}},"branchMap":{"1":{"line":47,"type":"if","locations":[{"start":{"line":47,"column":4},"end":{"line":47,"column":4}},{"start":{"line":47,"column":4},"end":{"line":47,"column":4}}]},"2":{"line":50,"type":"if","locations":[{"start":{"line":50,"column":4},"end":{"line":50,"column":4}},{"start":{"line":50,"column":4},"end":{"line":50,"column":4}}]},"3":{"line":52,"type":"if","locations":[{"start":{"line":52,"column":6},"end":{"line":52,"column":6}},{"start":{"line":52,"column":6},"end":{"line":52,"column":6}}]},"4":{"line":58,"type":"if","locations":[{"start":{"line":58,"column":11},"end":{"line":58,"column":11}},{"start":{"line":58,"column":11},"end":{"line":58,"column":11}}]},"5":{"line":59,"type":"if","locations":[{"start":{"line":59,"column":5},"end":{"line":59,"column":5}},{"start":{"line":59,"column":5},"end":{"line":59,"column":5}}]}},"code":["//#!/usr/bin/env node","","/*","\tReads the source map files (foo.js.map) for the Harness app","\tand outputs the the generated and original line information","\tfor each map","*/","","var async = require('async'),","\tpath = require('path'),","\tplatforms = require('../platforms'),","\tfs = require('fs'),","\tos = require('os'),","\tSM = require('source-map'),","\t_ = require('../Alloy/lib/alloy/underscore');","","scan(path.join(__dirname, '..', 'test', 'projects', 'Harness', 'build', 'map', 'Resources'), '.map', function(err, files) {","\t// Do something with files that ends in '.ext'.","\t_.map(files, function(sourceMapFile) {","\t\tconsole.log(path.basename(sourceMapFile));","\t\tconsole.log('------------------------------');","\t\tconsole.log('Generated line -> Original line');","\t\tvar sourceMap = fs.readFileSync(sourceMapFile, {encoding: 'utf8'}),","\t\t\tlineArray = [];","\t\tvar smc = new SM.SourceMapConsumer(sourceMap);","\t\tsmc.eachMapping(function (m) {","\t\t\tlineArray.push({gen: m.generatedLine, orig: m.originalLine});","\t\t});","\t\tvar uniqueList = _.uniq(lineArray, function(item, key, gen) {","\t\t\treturn item.gen;","\t\t});","\t\t_.each(uniqueList, function(l) {","\t\t\tvar spacer = '                  '.slice(JSON.stringify(l.gen).length);","\t\t\tconsole.log('   ' + l.gen + spacer + l.orig);","\t\t});","\t\tconsole.log('');","\t});","});","","","function scan(dir, suffix, callback) {","\tfs.readdir(dir, function(err, files) {","\t\tvar returnFiles = [];","\t\tasync.each(files, function(file, next) {","\t\t\tvar filePath = dir + '/' + file;","\t\t\tfs.stat(filePath, function(err, stat) {","\t\t\t\tif (err) {","\t\t\t\t\treturn next(err);","\t\t\t\t}","\t\t\t\tif (stat.isDirectory()) {","\t\t\t\t\tscan(filePath, suffix, function(err, results) {","\t\t\t\t\t\tif (err) {","\t\t\t\t\t\t\treturn next(err);","\t\t\t\t\t\t}","\t\t\t\t\t\treturnFiles = returnFiles.concat(results);","\t\t\t\t\t\tnext();","\t\t\t\t\t});","\t\t\t\t} else if (stat.isFile()) {","\t\t\t\t\tif (file.indexOf(suffix, file.length - suffix.length) !== -1) {","\t\t\t\t\t\treturnFiles.push(filePath);","\t\t\t\t\t}","\t\t\t\t\tnext();","\t\t\t\t}","\t\t\t});","\t\t}, function(err) {","\t\t\tcallback(err, returnFiles);","\t\t});","\t});","}",""],"l":{"9":1,"17":1,"19":0,"20":0,"21":0,"22":0,"23":0,"25":0,"26":0,"27":0,"29":0,"30":0,"32":0,"33":0,"34":0,"36":0,"41":1,"42":1,"43":1,"44":1,"45":0,"46":0,"47":0,"48":0,"50":0,"51":0,"52":0,"53":0,"55":0,"56":0,"58":0,"59":0,"60":0,"62":0,"66":0}},"/home/travis/build/npmtest/node-npmtest-alloy/node_modules/alloy/tools/compiles.js":{"path":"/home/travis/build/npmtest/node-npmtest-alloy/node_modules/alloy/tools/compiles.js","s":{"1":1,"2":1,"3":1,"4":4,"5":1,"6":1,"7":1,"8":1,"9":1,"10":0,"11":0,"12":0,"13":0,"14":0,"15":0,"16":1,"17":1},"b":{"1":[1,0],"2":[1,0]},"f":{"1":4,"2":1,"3":1,"4":0,"5":1},"fnMap":{"1":{"name":"(anonymous_1)","line":9,"loc":{"start":{"line":9,"column":30},"end":{"line":9,"column":42}}},"2":{"name":"(anonymous_2)","line":12,"loc":{"start":{"line":12,"column":8},"end":{"line":12,"column":27}}},"3":{"name":"(anonymous_3)","line":17,"loc":{"start":{"line":17,"column":12},"end":{"line":17,"column":42}}},"4":{"name":"(anonymous_4)","line":25,"loc":{"start":{"line":25,"column":14},"end":{"line":25,"column":44}}},"5":{"name":"(anonymous_5)","line":30,"loc":{"start":{"line":30,"column":4},"end":{"line":30,"column":27}}}},"statementMap":{"1":{"start":{"line":1,"column":0},"end":{"line":5,"column":46}},"2":{"start":{"line":7,"column":0},"end":{"line":7,"column":76}},"3":{"start":{"line":9,"column":0},"end":{"line":32,"column":3}},"4":{"start":{"line":12,"column":1},"end":{"line":29,"column":3}},"5":{"start":{"line":15,"column":2},"end":{"line":15,"column":95}},"6":{"start":{"line":16,"column":2},"end":{"line":16,"column":19}},"7":{"start":{"line":17,"column":2},"end":{"line":28,"column":5}},"8":{"start":{"line":18,"column":3},"end":{"line":18,"column":37}},"9":{"start":{"line":18,"column":14},"end":{"line":18,"column":35}},"10":{"start":{"line":21,"column":3},"end":{"line":21,"column":96}},"11":{"start":{"line":22,"column":3},"end":{"line":22,"column":123}},"12":{"start":{"line":23,"column":3},"end":{"line":23,"column":83}},"13":{"start":{"line":24,"column":3},"end":{"line":24,"column":21}},"14":{"start":{"line":25,"column":3},"end":{"line":27,"column":6}},"15":{"start":{"line":26,"column":4},"end":{"line":26,"column":25}},"16":{"start":{"line":31,"column":1},"end":{"line":31,"column":35}},"17":{"start":{"line":31,"column":12},"end":{"line":31,"column":33}}},"branchMap":{"1":{"line":18,"type":"if","locations":[{"start":{"line":18,"column":3},"end":{"line":18,"column":3}},{"start":{"line":18,"column":3},"end":{"line":18,"column":3}}]},"2":{"line":31,"type":"if","locations":[{"start":{"line":31,"column":1},"end":{"line":31,"column":1}},{"start":{"line":31,"column":1},"end":{"line":31,"column":1}}]}},"code":["var async = require('async'),","\tpath = require('path'),","\texec = require('child_process').exec,","\tplatforms = require('../platforms'),","\t_ = require('../Alloy/lib/alloy/underscore');","","var harnessPath = path.join(__dirname, '..', 'test', 'projects', 'Harness');","","async.series(_.map(platforms, function(p) {","","\t// return a function that compiles and copies generated code for the given app","\treturn function(callback) {","","\t\t// compile the app for all platforms","\t\tvar cmd = 'alloy compile --outputPath \"' + harnessPath + '\" --config platform=' + p.platform;","\t\tconsole.log(cmd);","\t\texec(cmd, function(err, stdout, stderr) {","\t\t\tif (err) { return callback(err); }","","\t\t\t// copy the generated controllers","\t\t\tvar src = path.join(harnessPath, 'Resources', p.titaniumFolder, 'alloy', 'controllers', '*');","\t\t\tvar dst = path.join(__dirname, '..', 'test', 'apps', process.argv[2], '_generated', p.platform, 'alloy', 'controllers');","\t\t\tvar cmd2 = 'cp -r ' + src + ' ' + dst + '/ && rm ' + dst + '/BaseController.js';","\t\t\tconsole.log(cmd2);","\t\t\texec(cmd2, function(err, stdout, stderr) {","\t\t\t\treturn callback(err);","\t\t\t});","\t\t});","\t};","}), function(err, results) {","\tif (err) { throw new Error(err); }","});","",""],"l":{"1":1,"7":1,"9":1,"12":4,"15":1,"16":1,"17":1,"18":1,"21":0,"22":0,"23":0,"24":0,"25":0,"26":0,"31":1}},"/home/travis/build/npmtest/node-npmtest-alloy/node_modules/alloy/tools/create_generated_code.js":{"path":"/home/travis/build/npmtest/node-npmtest-alloy/node_modules/alloy/tools/create_generated_code.js","s":{"1":1,"2":1,"3":1,"4":1,"5":1,"6":1,"7":1,"8":0,"9":0,"10":0,"11":0,"12":0,"13":0,"14":0,"15":0,"16":1,"17":1,"18":1,"19":1,"20":1,"21":1,"22":1,"23":1,"24":1,"25":0,"26":1,"27":1,"28":1,"29":1,"30":1,"31":1,"32":0,"33":0,"34":0,"35":0,"36":0,"37":0,"38":0,"39":0,"40":0,"41":0,"42":0,"43":0,"44":0,"45":0},"b":{"1":[1,0],"2":[0,0],"3":[0,0],"4":[1,0],"5":[0,1],"6":[1,0],"7":[0,0],"8":[0,0],"9":[0,0],"10":[0,0],"11":[0,0]},"f":{"1":1,"2":1,"3":1,"4":0},"fnMap":{"1":{"name":"(anonymous_1)","line":38,"loc":{"start":{"line":38,"column":10},"end":{"line":38,"column":42}}},"2":{"name":"doCompile","line":48,"loc":{"start":{"line":48,"column":0},"end":{"line":48,"column":29}}},"3":{"name":"(anonymous_3)","line":51,"loc":{"start":{"line":51,"column":75},"end":{"line":51,"column":107}}},"4":{"name":"(anonymous_4)","line":67,"loc":{"start":{"line":67,"column":20},"end":{"line":67,"column":32}}}},"statementMap":{"1":{"start":{"line":1,"column":0},"end":{"line":9,"column":67}},"2":{"start":{"line":11,"column":0},"end":{"line":17,"column":17}},"3":{"start":{"line":20,"column":0},"end":{"line":20,"column":30}},"4":{"start":{"line":21,"column":0},"end":{"line":34,"column":1}},"5":{"start":{"line":22,"column":1},"end":{"line":22,"column":46}},"6":{"start":{"line":23,"column":1},"end":{"line":23,"column":62}},"7":{"start":{"line":24,"column":1},"end":{"line":24,"column":17}},"8":{"start":{"line":25,"column":7},"end":{"line":34,"column":1}},"9":{"start":{"line":26,"column":1},"end":{"line":26,"column":123}},"10":{"start":{"line":27,"column":1},"end":{"line":27,"column":16}},"11":{"start":{"line":28,"column":7},"end":{"line":34,"column":1}},"12":{"start":{"line":29,"column":1},"end":{"line":29,"column":125}},"13":{"start":{"line":30,"column":1},"end":{"line":30,"column":64}},"14":{"start":{"line":31,"column":1},"end":{"line":31,"column":16}},"15":{"start":{"line":33,"column":1},"end":{"line":33,"column":54}},"16":{"start":{"line":37,"column":0},"end":{"line":37,"column":55}},"17":{"start":{"line":38,"column":0},"end":{"line":46,"column":3}},"18":{"start":{"line":39,"column":1},"end":{"line":43,"column":2}},"19":{"start":{"line":40,"column":2},"end":{"line":40,"column":23}},"20":{"start":{"line":41,"column":2},"end":{"line":41,"column":24}},"21":{"start":{"line":42,"column":2},"end":{"line":42,"column":18}},"22":{"start":{"line":45,"column":1},"end":{"line":45,"column":42}},"23":{"start":{"line":48,"column":0},"end":{"line":88,"column":1}},"24":{"start":{"line":49,"column":1},"end":{"line":49,"column":27}},"25":{"start":{"line":49,"column":18},"end":{"line":49,"column":25}},"26":{"start":{"line":51,"column":1},"end":{"line":87,"column":4}},"27":{"start":{"line":52,"column":2},"end":{"line":56,"column":3}},"28":{"start":{"line":53,"column":3},"end":{"line":53,"column":24}},"29":{"start":{"line":54,"column":3},"end":{"line":54,"column":25}},"30":{"start":{"line":55,"column":3},"end":{"line":55,"column":19}},"31":{"start":{"line":58,"column":2},"end":{"line":58,"column":70}},"32":{"start":{"line":59,"column":2},"end":{"line":59,"column":42}},"33":{"start":{"line":60,"column":2},"end":{"line":60,"column":42}},"34":{"start":{"line":62,"column":2},"end":{"line":66,"column":4}},"35":{"start":{"line":67,"column":2},"end":{"line":84,"column":5}},"36":{"start":{"line":68,"column":3},"end":{"line":68,"column":98}},"37":{"start":{"line":69,"column":3},"end":{"line":69,"column":34}},"38":{"start":{"line":70,"column":3},"end":{"line":83,"column":4}},"39":{"start":{"line":71,"column":4},"end":{"line":71,"column":41}},"40":{"start":{"line":72,"column":4},"end":{"line":72,"column":42}},"41":{"start":{"line":75,"column":4},"end":{"line":75,"column":49}},"42":{"start":{"line":76,"column":4},"end":{"line":78,"column":5}},"43":{"start":{"line":77,"column":5},"end":{"line":77,"column":23}},"44":{"start":{"line":80,"column":4},"end":{"line":82,"column":6}},"45":{"start":{"line":86,"column":2},"end":{"line":86,"column":43}}},"branchMap":{"1":{"line":21,"type":"if","locations":[{"start":{"line":21,"column":0},"end":{"line":21,"column":0}},{"start":{"line":21,"column":0},"end":{"line":21,"column":0}}]},"2":{"line":25,"type":"if","locations":[{"start":{"line":25,"column":7},"end":{"line":25,"column":7}},{"start":{"line":25,"column":7},"end":{"line":25,"column":7}}]},"3":{"line":28,"type":"if","locations":[{"start":{"line":28,"column":7},"end":{"line":28,"column":7}},{"start":{"line":28,"column":7},"end":{"line":28,"column":7}}]},"4":{"line":39,"type":"if","locations":[{"start":{"line":39,"column":1},"end":{"line":39,"column":1}},{"start":{"line":39,"column":1},"end":{"line":39,"column":1}}]},"5":{"line":49,"type":"if","locations":[{"start":{"line":49,"column":1},"end":{"line":49,"column":1}},{"start":{"line":49,"column":1},"end":{"line":49,"column":1}}]},"6":{"line":52,"type":"if","locations":[{"start":{"line":52,"column":2},"end":{"line":52,"column":2}},{"start":{"line":52,"column":2},"end":{"line":52,"column":2}}]},"7":{"line":68,"type":"cond-expr","locations":[{"start":{"line":68,"column":73},"end":{"line":68,"column":81}},{"start":{"line":68,"column":84},"end":{"line":68,"column":92}}]},"8":{"line":70,"type":"if","locations":[{"start":{"line":70,"column":3},"end":{"line":70,"column":3}},{"start":{"line":70,"column":3},"end":{"line":70,"column":3}}]},"9":{"line":70,"type":"binary-expr","locations":[{"start":{"line":70,"column":7},"end":{"line":70,"column":25}},{"start":{"line":70,"column":29},"end":{"line":70,"column":61}}]},"10":{"line":76,"type":"if","locations":[{"start":{"line":76,"column":4},"end":{"line":76,"column":4}},{"start":{"line":76,"column":4},"end":{"line":76,"column":4}}]},"11":{"line":76,"type":"binary-expr","locations":[{"start":{"line":76,"column":8},"end":{"line":76,"column":47}},{"start":{"line":76,"column":51},"end":{"line":76,"column":68}}]}},"code":["var fs = require('fs'),","\tpath = require('path'),","\twrench = require('wrench'),","\tplatforms = require('../platforms/index'),","\t_ = require('../Alloy/lib/alloy/underscore')._,","\tcolors = require('colors'),","\texec = require('child_process').exec,","\tTESTS_WITH_DATES = ['ALOY-263', 'ALOY-1003', 'ALOY-1058'],","\tTESTS_TO_SKIP = ['ALOY-840', 'ALOY-887', 'ALOY-932', 'ALOY-1080'];","","var alloyRoot = path.join(__dirname, '..'),","\tpaths = {","\t\tapps: path.join(alloyRoot, 'test', 'apps'),","\t\tharness: path.join(alloyRoot, 'test', 'projects', 'Harness')","\t},","\tplatformsArray = _.keys(platforms),","\tplatformCtr = 0;","","// make sure we get a test app","var testApp = process.argv[2];","if (!testApp) {","\tconsole.error('You must specify a test app');","\tconsole.error('  ex. node testgen.js advanced/device_query');","\tprocess.exit(1);","} else if (TESTS_TO_SKIP.indexOf(testApp) !== -1) {","\tconsole.log((testApp + ' has code known to fail matching generated code. Canceling creation of _generated code.').yellow);","\tprocess.exit();","} else if (TESTS_WITH_DATES.indexOf(testApp) !== -1) {","\tconsole.log((testApp + ' contains date functions, which create localized code unlikely to match on other systems.').yellow);","\tconsole.log(('Canceling creation of _generated code.').yellow);","\tprocess.exit();","} else {","\tconsole.log('generating code for ' + testApp.yellow);","}","","// Stage the app","var cmd = 'jake app:setup dir=' + testApp + ' quiet=1';","exec(cmd, function(error, stdout, stderr) {","\tif (error !== null) {","\t\tconsole.error(error);","\t\tconsole.error(stderr);","\t\tprocess.exit(2);","\t}","","\tdoCompile(platformsArray[platformCtr++]);","});","","function doCompile(platform) {","\tif (!platform) { return; }","","\texec('alloy compile ' + paths.harness + ' --config platform=' + platform, function(error, stdout, stderr) {","\t\tif (error !== null) {","\t\t\tconsole.error(error);","\t\t\tconsole.error(stderr);","\t\t\tprocess.exit(3);","\t\t}","","\t\tvar genDir = path.join(paths.apps, testApp, '_generated', platform);","\t\twrench.rmdirSyncRecursive(genDir, true);","\t\twrench.mkdirSyncRecursive(genDir, 0777);","","\t\tvar locations = [","\t\t\tpath.join('alloy', 'controllers'),","\t\t\tpath.join('alloy', 'models'),","\t\t\tpath.join('alloy', 'widgets')","\t\t];","\t\t_.each(locations, function(l) {","\t\t\tvar src = path.join(paths.harness, 'Resources', (platform === 'ios' ? 'iphone' : platform), l);","\t\t\tvar dst = path.join(genDir, l);","\t\t\tif (fs.existsSync(src) && fs.readdirSync(src).length !== 0) {","\t\t\t\twrench.mkdirSyncRecursive(dst, 0777);","\t\t\t\twrench.copyDirSyncRecursive(src, dst);","","\t\t\t\t// we don't need to evaluate BaseController.js every time","\t\t\t\tvar bc = path.join(dst, 'BaseController.js');","\t\t\t\tif (l === path.join('alloy', 'controllers') && fs.existsSync(bc)) {","\t\t\t\t\tfs.unlinkSync(bc);","\t\t\t\t}","","\t\t\t\tconsole.log('Generated runtime files in ' +","\t\t\t\t\tpath.join('_generated', platform, l).cyan","\t\t\t\t);","\t\t\t}","\t\t});","","\t\tdoCompile(platformsArray[platformCtr++]);","\t});","}","",""],"l":{"1":1,"11":1,"20":1,"21":1,"22":1,"23":1,"24":1,"25":0,"26":0,"27":0,"28":0,"29":0,"30":0,"31":0,"33":0,"37":1,"38":1,"39":1,"40":1,"41":1,"42":1,"45":1,"48":1,"49":1,"51":1,"52":1,"53":1,"54":1,"55":1,"58":1,"59":0,"60":0,"62":0,"67":0,"68":0,"69":0,"70":0,"71":0,"72":0,"75":0,"76":0,"77":0,"80":0,"86":0}}}